{
  meta: {
    req: {
      url: '/api/customer/3',
      headers: {
        'user-agent': 'PostmanRuntime/7.37.0',
        accept: '*/*',
        'postman-token': '438cb427-cfab-4547-a796-a6aeff185d86',
        host: 'localhost:3005',
        'accept-encoding': 'gzip, deflate, br',
        connection: 'keep-alive'
      },
      method: 'GET',
      httpVersion: '1.1',
      originalUrl: '/api/customer/3',
      query: {}
    },
    res: { statusCode: 200 },
    responseTime: 42
  },
  level: 'info',
  message: 'HTTP GET /api/customer/3',
  timestamp: '2024-03-24T14:07:18.845Z'
}
{
  meta: {
    req: {
      url: '/api/customer/asdasdsa',
      headers: {
        'user-agent': 'PostmanRuntime/7.37.0',
        accept: '*/*',
        'postman-token': '66f7940c-4faa-420b-93b8-5919d23d9b4f',
        host: 'localhost:3005',
        'accept-encoding': 'gzip, deflate, br',
        connection: 'keep-alive'
      },
      method: 'GET',
      httpVersion: '1.1',
      originalUrl: '/api/customer/asdasdsa',
      query: {}
    },
    res: { statusCode: 400 },
    responseTime: 1
  },
  level: 'warn',
  message: 'HTTP GET /api/customer/asdasdsa',
  timestamp: '2024-03-24T14:07:30.394Z'
}
