{
  meta: {
    req: {
      url: '/api/orders',
      headers: {
        connection: 'close',
        'accept-encoding': 'gzip, deflate, br',
        host: 'localhost:3000',
        'postman-token': 'f832dcd3-bf8b-4998-9def-5219e554412a',
        accept: '*/*',
        'user-agent': 'PostmanRuntime/7.37.0'
      },
      method: 'GET',
      httpVersion: '1.1',
      originalUrl: '/api/orders',
      query: {}
    },
    res: { statusCode: 500 },
    responseTime: 46
  },
  level: 'error',
  message: 'HTTP GET /api/orders',
  timestamp: '2024-03-26T08:04:57.810Z'
}
{
  meta: {
    req: {
      url: '/api/address',
      headers: {
        host: '127.0.0.1:49994',
        'accept-encoding': 'gzip, deflate',
        'content-type': 'application/json',
        'content-length': '95',
        connection: 'close'
      },
      method: 'POST',
      httpVersion: '1.1',
      originalUrl: '/api/address',
      query: {}
    },
    res: { statusCode: 500 },
    responseTime: 129
  },
  level: 'error',
  message: 'HTTP POST /api/address',
  timestamp: '2024-03-28T16:01:15.871Z'
}
{
  meta: {
    req: {
      url: '/api/address',
      headers: {
        host: '127.0.0.1:50127',
        'accept-encoding': 'gzip, deflate',
        'content-type': 'application/json',
        'content-length': '95',
        connection: 'close'
      },
      method: 'POST',
      httpVersion: '1.1',
      originalUrl: '/api/address',
      query: {}
    },
    res: { statusCode: 500 },
    responseTime: 111
  },
  level: 'error',
  message: 'HTTP POST /api/address',
  timestamp: '2024-03-28T16:04:08.144Z'
}
{
  meta: {
    req: {
      url: '/api/orders',
      headers: {
        host: '127.0.0.1:50125',
        'accept-encoding': 'gzip, deflate',
        'content-type': 'application/json',
        'content-length': '91',
        connection: 'close'
      },
      method: 'POST',
      httpVersion: '1.1',
      originalUrl: '/api/orders',
      query: {}
    },
    res: { statusCode: 500 },
    responseTime: 135
  },
  level: 'error',
  message: 'HTTP POST /api/orders',
  timestamp: '2024-03-28T16:04:08.153Z'
}
{
  meta: {
    req: {
      url: '/api/address',
      headers: {
        host: '127.0.0.1:50169',
        'accept-encoding': 'gzip, deflate',
        'content-type': 'application/json',
        'content-length': '95',
        connection: 'close'
      },
      method: 'POST',
      httpVersion: '1.1',
      originalUrl: '/api/address',
      query: {}
    },
    res: { statusCode: 500 },
    responseTime: 3
  },
  level: 'error',
  message: 'HTTP POST /api/address',
  timestamp: '2024-03-28T16:04:08.188Z'
}
{
  meta: {
    req: {
      url: '/api/orders',
      headers: {
        host: '127.0.0.1:50163',
        'accept-encoding': 'gzip, deflate',
        connection: 'close'
      },
      method: 'GET',
      httpVersion: '1.1',
      originalUrl: '/api/orders',
      query: {}
    },
    res: { statusCode: 500 },
    responseTime: 2692
  },
  level: 'error',
  message: 'HTTP GET /api/orders',
  timestamp: '2024-03-28T16:04:10.863Z'
}
{
  meta: {
    req: {
      url: '/api/orders',
      headers: {
        host: '127.0.0.1:50183',
        'accept-encoding': 'gzip, deflate',
        'content-type': 'application/json',
        'content-length': '91',
        connection: 'close'
      },
      method: 'POST',
      httpVersion: '1.1',
      originalUrl: '/api/orders',
      query: {}
    },
    res: { statusCode: 500 },
    responseTime: 4
  },
  level: 'error',
  message: 'HTTP POST /api/orders',
  timestamp: '2024-03-28T16:04:10.885Z'
}
{
  meta: {
    req: {
      url: '/api/address',
      headers: {
        host: '127.0.0.1:50334',
        'accept-encoding': 'gzip, deflate',
        'content-type': 'application/json',
        'content-length': '95',
        connection: 'close'
      },
      method: 'POST',
      httpVersion: '1.1',
      originalUrl: '/api/address',
      query: {}
    },
    res: { statusCode: 500 },
    responseTime: 125
  },
  level: 'error',
  message: 'HTTP POST /api/address',
  timestamp: '2024-03-28T16:15:17.888Z'
}
{
  meta: {
    req: {
      url: '/api/orders',
      headers: {
        host: '127.0.0.1:50337',
        'accept-encoding': 'gzip, deflate',
        'content-type': 'application/json',
        'content-length': '91',
        connection: 'close'
      },
      method: 'POST',
      httpVersion: '1.1',
      originalUrl: '/api/orders',
      query: {}
    },
    res: { statusCode: 500 },
    responseTime: 133
  },
  level: 'error',
  message: 'HTTP POST /api/orders',
  timestamp: '2024-03-28T16:15:17.923Z'
}
{
  meta: {
    req: {
      url: '/api/address',
      headers: {
        host: '127.0.0.1:50377',
        'accept-encoding': 'gzip, deflate',
        'content-type': 'application/json',
        'content-length': '95',
        connection: 'close'
      },
      method: 'POST',
      httpVersion: '1.1',
      originalUrl: '/api/address',
      query: {}
    },
    res: { statusCode: 500 },
    responseTime: 3
  },
  level: 'error',
  message: 'HTTP POST /api/address',
  timestamp: '2024-03-28T16:15:17.944Z'
}
{
  meta: {
    req: {
      url: '/api/orders',
      headers: {
        host: '127.0.0.1:50376',
        'accept-encoding': 'gzip, deflate',
        connection: 'close'
      },
      method: 'GET',
      httpVersion: '1.1',
      originalUrl: '/api/orders',
      query: {}
    },
    res: { statusCode: 500 },
    responseTime: 2688
  },
  level: 'error',
  message: 'HTTP GET /api/orders',
  timestamp: '2024-03-28T16:15:20.631Z'
}
{
  meta: {
    req: {
      url: '/api/orders',
      headers: {
        host: '127.0.0.1:50394',
        'accept-encoding': 'gzip, deflate',
        'content-type': 'application/json',
        'content-length': '91',
        connection: 'close'
      },
      method: 'POST',
      httpVersion: '1.1',
      originalUrl: '/api/orders',
      query: {}
    },
    res: { statusCode: 500 },
    responseTime: 3
  },
  level: 'error',
  message: 'HTTP POST /api/orders',
  timestamp: '2024-03-28T16:15:20.650Z'
}
{
  meta: {
    req: {
      url: '/api/address',
      headers: {
        host: '127.0.0.1:50481',
        'accept-encoding': 'gzip, deflate',
        'content-type': 'application/json',
        'content-length': '95',
        connection: 'close'
      },
      method: 'POST',
      httpVersion: '1.1',
      originalUrl: '/api/address',
      query: {}
    },
    res: { statusCode: 500 },
    responseTime: 119
  },
  level: 'error',
  message: 'HTTP POST /api/address',
  timestamp: '2024-03-28T16:36:30.556Z'
}
{
  meta: {
    req: {
      url: '/api/orders',
      headers: {
        host: '127.0.0.1:50486',
        'accept-encoding': 'gzip, deflate',
        'content-type': 'application/json',
        'content-length': '91',
        connection: 'close'
      },
      method: 'POST',
      httpVersion: '1.1',
      originalUrl: '/api/orders',
      query: {}
    },
    res: { statusCode: 500 },
    responseTime: 121
  },
  level: 'error',
  message: 'HTTP POST /api/orders',
  timestamp: '2024-03-28T16:36:30.583Z'
}
{
  meta: {
    req: {
      url: '/api/address',
      headers: {
        host: '127.0.0.1:50527',
        'accept-encoding': 'gzip, deflate',
        'content-type': 'application/json',
        'content-length': '95',
        connection: 'close'
      },
      method: 'POST',
      httpVersion: '1.1',
      originalUrl: '/api/address',
      query: {}
    },
    res: { statusCode: 500 },
    responseTime: 3
  },
  level: 'error',
  message: 'HTTP POST /api/address',
  timestamp: '2024-03-28T16:36:30.597Z'
}
{
  meta: {
    req: {
      url: '/api/orders',
      headers: {
        host: '127.0.0.1:50542',
        'accept-encoding': 'gzip, deflate',
        'content-type': 'application/json',
        'content-length': '91',
        connection: 'close'
      },
      method: 'POST',
      httpVersion: '1.1',
      originalUrl: '/api/orders',
      query: {}
    },
    res: { statusCode: 500 },
    responseTime: 4
  },
  level: 'error',
  message: 'HTTP POST /api/orders',
  timestamp: '2024-03-28T16:36:30.623Z'
}
{
  meta: {
    req: {
      url: '/api/address',
      headers: {
        host: '127.0.0.1:50901',
        'accept-encoding': 'gzip, deflate',
        'content-type': 'application/json',
        'content-length': '95',
        connection: 'close'
      },
      method: 'POST',
      httpVersion: '1.1',
      originalUrl: '/api/address',
      query: {}
    },
    res: { statusCode: 500 },
    responseTime: 106
  },
  level: 'error',
  message: 'HTTP POST /api/address',
  timestamp: '2024-03-28T16:37:26.300Z'
}
{
  meta: {
    req: {
      url: '/api/orders',
      headers: {
        host: '127.0.0.1:50904',
        'accept-encoding': 'gzip, deflate',
        'content-type': 'application/json',
        'content-length': '91',
        connection: 'close'
      },
      method: 'POST',
      httpVersion: '1.1',
      originalUrl: '/api/orders',
      query: {}
    },
    res: { statusCode: 500 },
    responseTime: 111
  },
  level: 'error',
  message: 'HTTP POST /api/orders',
  timestamp: '2024-03-28T16:37:26.307Z'
}
{
  meta: {
    req: {
      url: '/api/address',
      headers: {
        host: '127.0.0.1:50943',
        'accept-encoding': 'gzip, deflate',
        'content-type': 'application/json',
        'content-length': '95',
        connection: 'close'
      },
      method: 'POST',
      httpVersion: '1.1',
      originalUrl: '/api/address',
      query: {}
    },
    res: { statusCode: 500 },
    responseTime: 4
  },
  level: 'error',
  message: 'HTTP POST /api/address',
  timestamp: '2024-03-28T16:37:26.345Z'
}
{
  meta: {
    req: {
      url: '/api/orders',
      headers: {
        host: '127.0.0.1:50947',
        'accept-encoding': 'gzip, deflate',
        'content-type': 'application/json',
        'content-length': '91',
        connection: 'close'
      },
      method: 'POST',
      httpVersion: '1.1',
      originalUrl: '/api/orders',
      query: {}
    },
    res: { statusCode: 500 },
    responseTime: 4
  },
  level: 'error',
  message: 'HTTP POST /api/orders',
  timestamp: '2024-03-28T16:37:26.348Z'
}
{
  meta: {
    req: {
      url: '/api/orders',
      headers: {
        host: '127.0.0.1:51106',
        'accept-encoding': 'gzip, deflate',
        'content-type': 'application/json',
        'content-length': '91',
        connection: 'close'
      },
      method: 'POST',
      httpVersion: '1.1',
      originalUrl: '/api/orders',
      query: {}
    },
    res: { statusCode: 500 },
    responseTime: 65
  },
  level: 'error',
  message: 'HTTP POST /api/orders',
  timestamp: '2024-03-28T16:41:01.950Z'
}
{
  meta: {
    req: {
      url: '/api/orders',
      headers: {
        host: '127.0.0.1:51108',
        'accept-encoding': 'gzip, deflate',
        connection: 'close'
      },
      method: 'GET',
      httpVersion: '1.1',
      originalUrl: '/api/orders',
      query: {}
    },
    res: { statusCode: 500 },
    responseTime: 4
  },
  level: 'error',
  message: 'HTTP GET /api/orders',
  timestamp: '2024-03-28T16:41:01.970Z'
}
{
  meta: {
    req: {
      url: '/api/orders/1000',
      headers: {
        host: '127.0.0.1:51110',
        'accept-encoding': 'gzip, deflate',
        connection: 'close'
      },
      method: 'GET',
      httpVersion: '1.1',
      originalUrl: '/api/orders/1000',
      query: {}
    },
    res: { statusCode: 500 },
    responseTime: 2
  },
  level: 'error',
  message: 'HTTP GET /api/orders/1000',
  timestamp: '2024-03-28T16:41:01.979Z'
}
{
  meta: {
    req: {
      url: '/api/orders',
      headers: {
        host: '127.0.0.1:51114',
        'accept-encoding': 'gzip, deflate',
        'content-type': 'application/json',
        'content-length': '91',
        connection: 'close'
      },
      method: 'POST',
      httpVersion: '1.1',
      originalUrl: '/api/orders',
      query: {}
    },
    res: { statusCode: 500 },
    responseTime: 3
  },
  level: 'error',
  message: 'HTTP POST /api/orders',
  timestamp: '2024-03-28T16:41:01.992Z'
}
{
  meta: {
    req: {
      url: '/api/orders/1000',
      headers: {
        host: '127.0.0.1:51116',
        'accept-encoding': 'gzip, deflate',
        'content-type': 'application/json',
        'content-length': '90',
        connection: 'close'
      },
      method: 'PUT',
      httpVersion: '1.1',
      originalUrl: '/api/orders/1000',
      query: {}
    },
    res: { statusCode: 500 },
    responseTime: 4
  },
  level: 'error',
  message: 'HTTP PUT /api/orders/1000',
  timestamp: '2024-03-28T16:41:02.008Z'
}
{
  meta: {
    req: {
      url: '/api/orders/1000',
      headers: {
        host: '127.0.0.1:51120',
        'accept-encoding': 'gzip, deflate',
        connection: 'close'
      },
      method: 'DELETE',
      httpVersion: '1.1',
      originalUrl: '/api/orders/1000',
      query: {}
    },
    res: { statusCode: 500 },
    responseTime: 1
  },
  level: 'error',
  message: 'HTTP DELETE /api/orders/1000',
  timestamp: '2024-03-28T16:41:02.027Z'
}
{
  meta: {
    req: {
      url: '/api/customer',
      headers: {
        host: '127.0.0.1:51131',
        'accept-encoding': 'gzip, deflate',
        'content-type': 'application/json',
        'content-length': '42',
        connection: 'close'
      },
      method: 'POST',
      httpVersion: '1.1',
      originalUrl: '/api/customer',
      query: {}
    },
    res: { statusCode: 500 },
    responseTime: 3
  },
  level: 'error',
  message: 'HTTP POST /api/customer',
  timestamp: '2024-03-28T16:41:25.530Z'
}
{
  meta: {
    req: {
      url: '/api/products',
      headers: {
        host: '127.0.0.1:51132',
        'accept-encoding': 'gzip, deflate',
        'content-type': 'application/json',
        'content-length': '51',
        connection: 'close'
      },
      method: 'POST',
      httpVersion: '1.1',
      originalUrl: '/api/products',
      query: {}
    },
    res: { statusCode: 500 },
    responseTime: 50
  },
  level: 'error',
  message: 'HTTP POST /api/products',
  timestamp: '2024-03-28T16:41:25.578Z'
}
{
  meta: {
    req: {
      url: '/api/address',
      headers: {
        host: '127.0.0.1:51130',
        'accept-encoding': 'gzip, deflate',
        'content-type': 'application/json',
        'content-length': '95',
        connection: 'close'
      },
      method: 'POST',
      httpVersion: '1.1',
      originalUrl: '/api/address',
      query: {}
    },
    res: { statusCode: 500 },
    responseTime: 50
  },
  level: 'error',
  message: 'HTTP POST /api/address',
  timestamp: '2024-03-28T16:41:25.578Z'
}
{
  meta: {
    req: {
      url: '/api/address',
      headers: {
        host: '127.0.0.1:51140',
        'accept-encoding': 'gzip, deflate',
        connection: 'close'
      },
      method: 'GET',
      httpVersion: '1.1',
      originalUrl: '/api/address',
      query: {}
    },
    res: { statusCode: 500 },
    responseTime: 3
  },
  level: 'error',
  message: 'HTTP GET /api/address',
  timestamp: '2024-03-28T16:41:25.601Z'
}
{
  meta: {
    req: {
      url: '/api/products',
      headers: {
        host: '127.0.0.1:51141',
        'accept-encoding': 'gzip, deflate',
        connection: 'close'
      },
      method: 'GET',
      httpVersion: '1.1',
      originalUrl: '/api/products',
      query: {}
    },
    res: { statusCode: 500 },
    responseTime: 4
  },
  level: 'error',
  message: 'HTTP GET /api/products',
  timestamp: '2024-03-28T16:41:25.603Z'
}
{
  meta: {
    req: {
      url: '/api/customer',
      headers: {
        host: '127.0.0.1:51136',
        'accept-encoding': 'gzip, deflate',
        connection: 'close'
      },
      method: 'GET',
      httpVersion: '1.1',
      originalUrl: '/api/customer',
      query: {}
    },
    res: { statusCode: 500 },
    responseTime: 49
  },
  level: 'error',
  message: 'HTTP GET /api/customer',
  timestamp: '2024-03-28T16:41:25.603Z'
}
{
  meta: {
    req: {
      url: '/api/address/1000',
      headers: {
        host: '127.0.0.1:51144',
        'accept-encoding': 'gzip, deflate',
        connection: 'close'
      },
      method: 'GET',
      httpVersion: '1.1',
      originalUrl: '/api/address/1000',
      query: {}
    },
    res: { statusCode: 500 },
    responseTime: 3
  },
  level: 'error',
  message: 'HTTP GET /api/address/1000',
  timestamp: '2024-03-28T16:41:25.611Z'
}
{
  meta: {
    req: {
      url: '/api/products/1000',
      headers: {
        host: '127.0.0.1:51146',
        'accept-encoding': 'gzip, deflate',
        connection: 'close'
      },
      method: 'GET',
      httpVersion: '1.1',
      originalUrl: '/api/products/1000',
      query: {}
    },
    res: { statusCode: 500 },
    responseTime: 2
  },
  level: 'error',
  message: 'HTTP GET /api/products/1000',
  timestamp: '2024-03-28T16:41:25.612Z'
}
{
  meta: {
    req: {
      url: '/api/customer/1000',
      headers: {
        host: '127.0.0.1:51147',
        'accept-encoding': 'gzip, deflate',
        connection: 'close'
      },
      method: 'GET',
      httpVersion: '1.1',
      originalUrl: '/api/customer/1000',
      query: {}
    },
    res: { statusCode: 500 },
    responseTime: 3
  },
  level: 'error',
  message: 'HTTP GET /api/customer/1000',
  timestamp: '2024-03-28T16:41:25.614Z'
}
{
  meta: {
    req: {
      url: '/api/address',
      headers: {
        host: '127.0.0.1:51156',
        'accept-encoding': 'gzip, deflate',
        'content-type': 'application/json',
        'content-length': '95',
        connection: 'close'
      },
      method: 'POST',
      httpVersion: '1.1',
      originalUrl: '/api/address',
      query: {}
    },
    res: { statusCode: 500 },
    responseTime: 4
  },
  level: 'error',
  message: 'HTTP POST /api/address',
  timestamp: '2024-03-28T16:41:25.628Z'
}
{
  meta: {
    req: {
      url: '/api/products',
      headers: {
        host: '127.0.0.1:51158',
        'accept-encoding': 'gzip, deflate',
        'content-type': 'application/json',
        'content-length': '51',
        connection: 'close'
      },
      method: 'POST',
      httpVersion: '1.1',
      originalUrl: '/api/products',
      query: {}
    },
    res: { statusCode: 500 },
    responseTime: 3
  },
  level: 'error',
  message: 'HTTP POST /api/products',
  timestamp: '2024-03-28T16:41:25.629Z'
}
{
  meta: {
    req: {
      url: '/api/customer',
      headers: {
        host: '127.0.0.1:51160',
        'accept-encoding': 'gzip, deflate',
        'content-type': 'application/json',
        'content-length': '42',
        connection: 'close'
      },
      method: 'POST',
      httpVersion: '1.1',
      originalUrl: '/api/customer',
      query: {}
    },
    res: { statusCode: 500 },
    responseTime: 1
  },
  level: 'error',
  message: 'HTTP POST /api/customer',
  timestamp: '2024-03-28T16:41:25.629Z'
}
{
  meta: {
    req: {
      url: '/api/customer/1000',
      headers: {
        host: '127.0.0.1:51165',
        'accept-encoding': 'gzip, deflate',
        'content-type': 'application/json',
        'content-length': '50',
        connection: 'close'
      },
      method: 'PUT',
      httpVersion: '1.1',
      originalUrl: '/api/customer/1000',
      query: {}
    },
    res: { statusCode: 500 },
    responseTime: 0
  },
  level: 'error',
  message: 'HTTP PUT /api/customer/1000',
  timestamp: '2024-03-28T16:41:25.636Z'
}
{
  meta: {
    req: {
      url: '/api/orders',
      headers: {
        host: '127.0.0.1:51137',
        'accept-encoding': 'gzip, deflate',
        'content-type': 'application/json',
        'content-length': '91',
        connection: 'close'
      },
      method: 'POST',
      httpVersion: '1.1',
      originalUrl: '/api/orders',
      query: {}
    },
    res: { statusCode: 500 },
    responseTime: 66
  },
  level: 'error',
  message: 'HTTP POST /api/orders',
  timestamp: '2024-03-28T16:41:25.634Z'
}
{
  meta: {
    req: {
      url: '/api/address/1000',
      headers: {
        host: '127.0.0.1:51162',
        'accept-encoding': 'gzip, deflate',
        'content-type': 'application/json',
        'content-length': '109',
        connection: 'close'
      },
      method: 'PUT',
      httpVersion: '1.1',
      originalUrl: '/api/address/1000',
      query: {}
    },
    res: { statusCode: 500 },
    responseTime: 1
  },
  level: 'error',
  message: 'HTTP PUT /api/address/1000',
  timestamp: '2024-03-28T16:41:25.636Z'
}
{
  meta: {
    req: {
      url: '/api/products/1000',
      headers: {
        host: '127.0.0.1:51163',
        'accept-encoding': 'gzip, deflate',
        'content-type': 'application/json',
        'content-length': '65',
        connection: 'close'
      },
      method: 'PUT',
      httpVersion: '1.1',
      originalUrl: '/api/products/1000',
      query: {}
    },
    res: { statusCode: 500 },
    responseTime: 2
  },
  level: 'error',
  message: 'HTTP PUT /api/products/1000',
  timestamp: '2024-03-28T16:41:25.637Z'
}
{
  meta: {
    req: {
      url: '/api/customer/1000',
      headers: {
        host: '127.0.0.1:51174',
        'accept-encoding': 'gzip, deflate',
        connection: 'close'
      },
      method: 'DELETE',
      httpVersion: '1.1',
      originalUrl: '/api/customer/1000',
      query: {}
    },
    res: { statusCode: 500 },
    responseTime: 1
  },
  level: 'error',
  message: 'HTTP DELETE /api/customer/1000',
  timestamp: '2024-03-28T16:41:25.646Z'
}
{
  meta: {
    req: {
      url: '/api/products/1000',
      headers: {
        host: '127.0.0.1:51178',
        'accept-encoding': 'gzip, deflate',
        connection: 'close'
      },
      method: 'DELETE',
      httpVersion: '1.1',
      originalUrl: '/api/products/1000',
      query: {}
    },
    res: { statusCode: 500 },
    responseTime: 3
  },
  level: 'error',
  message: 'HTTP DELETE /api/products/1000',
  timestamp: '2024-03-28T16:41:25.651Z'
}
{
  meta: {
    req: {
      url: '/api/address/1000',
      headers: {
        host: '127.0.0.1:51175',
        'accept-encoding': 'gzip, deflate',
        connection: 'close'
      },
      method: 'DELETE',
      httpVersion: '1.1',
      originalUrl: '/api/address/1000',
      query: {}
    },
    res: { statusCode: 500 },
    responseTime: 3
  },
  level: 'error',
  message: 'HTTP DELETE /api/address/1000',
  timestamp: '2024-03-28T16:41:25.653Z'
}
{
  meta: {
    req: {
      url: '/api/orders',
      headers: {
        host: '127.0.0.1:51181',
        'accept-encoding': 'gzip, deflate',
        connection: 'close'
      },
      method: 'GET',
      httpVersion: '1.1',
      originalUrl: '/api/orders',
      query: {}
    },
    res: { statusCode: 500 },
    responseTime: 6
  },
  level: 'error',
  message: 'HTTP GET /api/orders',
  timestamp: '2024-03-28T16:41:25.663Z'
}
{
  meta: {
    req: {
      url: '/api/orders/1000',
      headers: {
        host: '127.0.0.1:51188',
        'accept-encoding': 'gzip, deflate',
        connection: 'close'
      },
      method: 'GET',
      httpVersion: '1.1',
      originalUrl: '/api/orders/1000',
      query: {}
    },
    res: { statusCode: 500 },
    responseTime: 1
  },
  level: 'error',
  message: 'HTTP GET /api/orders/1000',
  timestamp: '2024-03-28T16:41:25.671Z'
}
{
  meta: {
    req: {
      url: '/api/orders',
      headers: {
        host: '127.0.0.1:51192',
        'accept-encoding': 'gzip, deflate',
        'content-type': 'application/json',
        'content-length': '91',
        connection: 'close'
      },
      method: 'POST',
      httpVersion: '1.1',
      originalUrl: '/api/orders',
      query: {}
    },
    res: { statusCode: 500 },
    responseTime: 6
  },
  level: 'error',
  message: 'HTTP POST /api/orders',
  timestamp: '2024-03-28T16:41:25.691Z'
}
{
  meta: {
    req: {
      url: '/api/orders/1000',
      headers: {
        host: '127.0.0.1:51194',
        'accept-encoding': 'gzip, deflate',
        'content-type': 'application/json',
        'content-length': '90',
        connection: 'close'
      },
      method: 'PUT',
      httpVersion: '1.1',
      originalUrl: '/api/orders/1000',
      query: {}
    },
    res: { statusCode: 500 },
    responseTime: 2
  },
  level: 'error',
  message: 'HTTP PUT /api/orders/1000',
  timestamp: '2024-03-28T16:41:25.699Z'
}
{
  meta: {
    req: {
      url: '/api/orders/1000',
      headers: {
        host: '127.0.0.1:51198',
        'accept-encoding': 'gzip, deflate',
        connection: 'close'
      },
      method: 'DELETE',
      httpVersion: '1.1',
      originalUrl: '/api/orders/1000',
      query: {}
    },
    res: { statusCode: 500 },
    responseTime: 2
  },
  level: 'error',
  message: 'HTTP DELETE /api/orders/1000',
  timestamp: '2024-03-28T16:41:25.712Z'
}
{
  meta: {
    req: {
      url: '/api/customer',
      headers: {
        host: '127.0.0.1:51333',
        'accept-encoding': 'gzip, deflate',
        'content-type': 'application/json',
        'content-length': '42',
        connection: 'close'
      },
      method: 'POST',
      httpVersion: '1.1',
      originalUrl: '/api/customer',
      query: {}
    },
    res: { statusCode: 500 },
    responseTime: 3
  },
  level: 'error',
  message: 'HTTP POST /api/customer',
  timestamp: '2024-03-28T16:42:10.076Z'
}
{
  meta: {
    req: {
      url: '/api/customer',
      headers: {
        host: '127.0.0.1:51337',
        'accept-encoding': 'gzip, deflate',
        connection: 'close'
      },
      method: 'GET',
      httpVersion: '1.1',
      originalUrl: '/api/customer',
      query: {}
    },
    res: { statusCode: 500 },
    responseTime: 48
  },
  level: 'error',
  message: 'HTTP GET /api/customer',
  timestamp: '2024-03-28T16:42:10.148Z'
}
{
  meta: {
    req: {
      url: '/api/customer/1000',
      headers: {
        host: '127.0.0.1:51343',
        'accept-encoding': 'gzip, deflate',
        connection: 'close'
      },
      method: 'GET',
      httpVersion: '1.1',
      originalUrl: '/api/customer/1000',
      query: {}
    },
    res: { statusCode: 500 },
    responseTime: 3
  },
  level: 'error',
  message: 'HTTP GET /api/customer/1000',
  timestamp: '2024-03-28T16:42:10.158Z'
}
{
  meta: {
    req: {
      url: '/api/products',
      headers: {
        host: '127.0.0.1:51335',
        'accept-encoding': 'gzip, deflate',
        'content-type': 'application/json',
        'content-length': '51',
        connection: 'close'
      },
      method: 'POST',
      httpVersion: '1.1',
      originalUrl: '/api/products',
      query: {}
    },
    res: { statusCode: 500 },
    responseTime: 56
  },
  level: 'error',
  message: 'HTTP POST /api/products',
  timestamp: '2024-03-28T16:42:10.162Z'
}
{
  meta: {
    req: {
      url: '/api/address',
      headers: {
        host: '127.0.0.1:51336',
        'accept-encoding': 'gzip, deflate',
        'content-type': 'application/json',
        'content-length': '95',
        connection: 'close'
      },
      method: 'POST',
      httpVersion: '1.1',
      originalUrl: '/api/address',
      query: {}
    },
    res: { statusCode: 500 },
    responseTime: 61
  },
  level: 'error',
  message: 'HTTP POST /api/address',
  timestamp: '2024-03-28T16:42:10.167Z'
}
{
  meta: {
    req: {
      url: '/api/customer',
      headers: {
        host: '127.0.0.1:51347',
        'accept-encoding': 'gzip, deflate',
        'content-type': 'application/json',
        'content-length': '42',
        connection: 'close'
      },
      method: 'POST',
      httpVersion: '1.1',
      originalUrl: '/api/customer',
      query: {}
    },
    res: { statusCode: 500 },
    responseTime: 1
  },
  level: 'error',
  message: 'HTTP POST /api/customer',
  timestamp: '2024-03-28T16:42:10.173Z'
}
{
  meta: {
    req: {
      url: '/api/orders',
      headers: {
        host: '127.0.0.1:51338',
        'accept-encoding': 'gzip, deflate',
        'content-type': 'application/json',
        'content-length': '91',
        connection: 'close'
      },
      method: 'POST',
      httpVersion: '1.1',
      originalUrl: '/api/orders',
      query: {}
    },
    res: { statusCode: 500 },
    responseTime: 57
  },
  level: 'error',
  message: 'HTTP POST /api/orders',
  timestamp: '2024-03-28T16:42:10.171Z'
}
{
  meta: {
    req: {
      url: '/api/customer/1000',
      headers: {
        host: '127.0.0.1:51349',
        'accept-encoding': 'gzip, deflate',
        'content-type': 'application/json',
        'content-length': '50',
        connection: 'close'
      },
      method: 'PUT',
      httpVersion: '1.1',
      originalUrl: '/api/customer/1000',
      query: {}
    },
    res: { statusCode: 500 },
    responseTime: 1
  },
  level: 'error',
  message: 'HTTP PUT /api/customer/1000',
  timestamp: '2024-03-28T16:42:10.179Z'
}
{
  meta: {
    req: {
      url: '/api/products',
      headers: {
        host: '127.0.0.1:51350',
        'accept-encoding': 'gzip, deflate',
        connection: 'close'
      },
      method: 'GET',
      httpVersion: '1.1',
      originalUrl: '/api/products',
      query: {}
    },
    res: { statusCode: 500 },
    responseTime: 4
  },
  level: 'error',
  message: 'HTTP GET /api/products',
  timestamp: '2024-03-28T16:42:10.187Z'
}
{
  meta: {
    req: {
      url: '/api/customer/1000',
      headers: {
        host: '127.0.0.1:51358',
        'accept-encoding': 'gzip, deflate',
        connection: 'close'
      },
      method: 'DELETE',
      httpVersion: '1.1',
      originalUrl: '/api/customer/1000',
      query: {}
    },
    res: { statusCode: 500 },
    responseTime: 0
  },
  level: 'error',
  message: 'HTTP DELETE /api/customer/1000',
  timestamp: '2024-03-28T16:42:10.188Z'
}
{
  meta: {
    req: {
      url: '/api/address',
      headers: {
        host: '127.0.0.1:51354',
        'accept-encoding': 'gzip, deflate',
        connection: 'close'
      },
      method: 'GET',
      httpVersion: '1.1',
      originalUrl: '/api/address',
      query: {}
    },
    res: { statusCode: 500 },
    responseTime: 5
  },
  level: 'error',
  message: 'HTTP GET /api/address',
  timestamp: '2024-03-28T16:42:10.192Z'
}
{
  meta: {
    req: {
      url: '/api/products/1000',
      headers: {
        host: '127.0.0.1:51363',
        'accept-encoding': 'gzip, deflate',
        connection: 'close'
      },
      method: 'GET',
      httpVersion: '1.1',
      originalUrl: '/api/products/1000',
      query: {}
    },
    res: { statusCode: 500 },
    responseTime: 2
  },
  level: 'error',
  message: 'HTTP GET /api/products/1000',
  timestamp: '2024-03-28T16:42:10.196Z'
}
{
  meta: {
    req: {
      url: '/api/orders',
      headers: {
        host: '127.0.0.1:51356',
        'accept-encoding': 'gzip, deflate',
        connection: 'close'
      },
      method: 'GET',
      httpVersion: '1.1',
      originalUrl: '/api/orders',
      query: {}
    },
    res: { statusCode: 500 },
    responseTime: 4
  },
  level: 'error',
  message: 'HTTP GET /api/orders',
  timestamp: '2024-03-28T16:42:10.196Z'
}
{
  meta: {
    req: {
      url: '/api/address/1000',
      headers: {
        host: '127.0.0.1:51365',
        'accept-encoding': 'gzip, deflate',
        connection: 'close'
      },
      method: 'GET',
      httpVersion: '1.1',
      originalUrl: '/api/address/1000',
      query: {}
    },
    res: { statusCode: 500 },
    responseTime: 3
  },
  level: 'error',
  message: 'HTTP GET /api/address/1000',
  timestamp: '2024-03-28T16:42:10.201Z'
}
{
  meta: {
    req: {
      url: '/api/orders/1000',
      headers: {
        host: '127.0.0.1:51369',
        'accept-encoding': 'gzip, deflate',
        connection: 'close'
      },
      method: 'GET',
      httpVersion: '1.1',
      originalUrl: '/api/orders/1000',
      query: {}
    },
    res: { statusCode: 500 },
    responseTime: 2
  },
  level: 'error',
  message: 'HTTP GET /api/orders/1000',
  timestamp: '2024-03-28T16:42:10.206Z'
}
{
  meta: {
    req: {
      url: '/api/products',
      headers: {
        host: '127.0.0.1:51371',
        'accept-encoding': 'gzip, deflate',
        'content-type': 'application/json',
        'content-length': '51',
        connection: 'close'
      },
      method: 'POST',
      httpVersion: '1.1',
      originalUrl: '/api/products',
      query: {}
    },
    res: { statusCode: 500 },
    responseTime: 3
  },
  level: 'error',
  message: 'HTTP POST /api/products',
  timestamp: '2024-03-28T16:42:10.210Z'
}
{
  meta: {
    req: {
      url: '/api/products/1000',
      headers: {
        host: '127.0.0.1:51378',
        'accept-encoding': 'gzip, deflate',
        'content-type': 'application/json',
        'content-length': '65',
        connection: 'close'
      },
      method: 'PUT',
      httpVersion: '1.1',
      originalUrl: '/api/products/1000',
      query: {}
    },
    res: { statusCode: 500 },
    responseTime: 2
  },
  level: 'error',
  message: 'HTTP PUT /api/products/1000',
  timestamp: '2024-03-28T16:42:10.218Z'
}
{
  meta: {
    req: {
      url: '/api/address',
      headers: {
        host: '127.0.0.1:51377',
        'accept-encoding': 'gzip, deflate',
        'content-type': 'application/json',
        'content-length': '95',
        connection: 'close'
      },
      method: 'POST',
      httpVersion: '1.1',
      originalUrl: '/api/address',
      query: {}
    },
    res: { statusCode: 500 },
    responseTime: 4
  },
  level: 'error',
  message: 'HTTP POST /api/address',
  timestamp: '2024-03-28T16:42:10.218Z'
}
{
  meta: {
    req: {
      url: '/api/orders',
      headers: {
        host: '127.0.0.1:51381',
        'accept-encoding': 'gzip, deflate',
        'content-type': 'application/json',
        'content-length': '91',
        connection: 'close'
      },
      method: 'POST',
      httpVersion: '1.1',
      originalUrl: '/api/orders',
      query: {}
    },
    res: { statusCode: 500 },
    responseTime: 5
  },
  level: 'error',
  message: 'HTTP POST /api/orders',
  timestamp: '2024-03-28T16:42:10.224Z'
}
{
  meta: {
    req: {
      url: '/api/address/1000',
      headers: {
        host: '127.0.0.1:51384',
        'accept-encoding': 'gzip, deflate',
        'content-type': 'application/json',
        'content-length': '109',
        connection: 'close'
      },
      method: 'PUT',
      httpVersion: '1.1',
      originalUrl: '/api/address/1000',
      query: {}
    },
    res: { statusCode: 500 },
    responseTime: 2
  },
  level: 'error',
  message: 'HTTP PUT /api/address/1000',
  timestamp: '2024-03-28T16:42:10.228Z'
}
{
  meta: {
    req: {
      url: '/api/products/1000',
      headers: {
        host: '127.0.0.1:51388',
        'accept-encoding': 'gzip, deflate',
        connection: 'close'
      },
      method: 'DELETE',
      httpVersion: '1.1',
      originalUrl: '/api/products/1000',
      query: {}
    },
    res: { statusCode: 500 },
    responseTime: 2
  },
  level: 'error',
  message: 'HTTP DELETE /api/products/1000',
  timestamp: '2024-03-28T16:42:10.233Z'
}
{
  meta: {
    req: {
      url: '/api/orders/1000',
      headers: {
        host: '127.0.0.1:51387',
        'accept-encoding': 'gzip, deflate',
        'content-type': 'application/json',
        'content-length': '90',
        connection: 'close'
      },
      method: 'PUT',
      httpVersion: '1.1',
      originalUrl: '/api/orders/1000',
      query: {}
    },
    res: { statusCode: 500 },
    responseTime: 2
  },
  level: 'error',
  message: 'HTTP PUT /api/orders/1000',
  timestamp: '2024-03-28T16:42:10.233Z'
}
{
  meta: {
    req: {
      url: '/api/address/1000',
      headers: {
        host: '127.0.0.1:51396',
        'accept-encoding': 'gzip, deflate',
        connection: 'close'
      },
      method: 'DELETE',
      httpVersion: '1.1',
      originalUrl: '/api/address/1000',
      query: {}
    },
    res: { statusCode: 500 },
    responseTime: 2
  },
  level: 'error',
  message: 'HTTP DELETE /api/address/1000',
  timestamp: '2024-03-28T16:42:10.244Z'
}
{
  meta: {
    req: {
      url: '/api/orders/1000',
      headers: {
        host: '127.0.0.1:51399',
        'accept-encoding': 'gzip, deflate',
        connection: 'close'
      },
      method: 'DELETE',
      httpVersion: '1.1',
      originalUrl: '/api/orders/1000',
      query: {}
    },
    res: { statusCode: 500 },
    responseTime: 3
  },
  level: 'error',
  message: 'HTTP DELETE /api/orders/1000',
  timestamp: '2024-03-28T16:42:10.250Z'
}
{
  meta: {
    req: {
      url: '/api/customer',
      headers: {
        host: '127.0.0.1:51624',
        'accept-encoding': 'gzip, deflate',
        'content-type': 'application/json',
        'content-length': '42',
        connection: 'close'
      },
      method: 'POST',
      httpVersion: '1.1',
      originalUrl: '/api/customer',
      query: {}
    },
    res: { statusCode: 500 },
    responseTime: 3
  },
  level: 'error',
  message: 'HTTP POST /api/customer',
  timestamp: '2024-03-28T16:43:35.862Z'
}
{
  meta: {
    req: {
      url: '/api/address',
      headers: {
        host: '127.0.0.1:51622',
        'accept-encoding': 'gzip, deflate',
        'content-type': 'application/json',
        'content-length': '95',
        connection: 'close'
      },
      method: 'POST',
      httpVersion: '1.1',
      originalUrl: '/api/address',
      query: {}
    },
    res: { statusCode: 500 },
    responseTime: 52
  },
  level: 'error',
  message: 'HTTP POST /api/address',
  timestamp: '2024-03-28T16:43:35.910Z'
}
{
  meta: {
    req: {
      url: '/api/orders',
      headers: {
        host: '127.0.0.1:51621',
        'accept-encoding': 'gzip, deflate',
        'content-type': 'application/json',
        'content-length': '91',
        connection: 'close'
      },
      method: 'POST',
      httpVersion: '1.1',
      originalUrl: '/api/orders',
      query: {}
    },
    res: { statusCode: 500 },
    responseTime: 53
  },
  level: 'error',
  message: 'HTTP POST /api/orders',
  timestamp: '2024-03-28T16:43:35.909Z'
}
{
  meta: {
    req: {
      url: '/api/products',
      headers: {
        host: '127.0.0.1:51627',
        'accept-encoding': 'gzip, deflate',
        'content-type': 'application/json',
        'content-length': '51',
        connection: 'close'
      },
      method: 'POST',
      httpVersion: '1.1',
      originalUrl: '/api/products',
      query: {}
    },
    res: { statusCode: 500 },
    responseTime: 61
  },
  level: 'error',
  message: 'HTTP POST /api/products',
  timestamp: '2024-03-28T16:43:35.928Z'
}
{
  meta: {
    req: {
      url: '/api/customer',
      headers: {
        host: '127.0.0.1:51629',
        'accept-encoding': 'gzip, deflate',
        connection: 'close'
      },
      method: 'GET',
      httpVersion: '1.1',
      originalUrl: '/api/customer',
      query: {}
    },
    res: { statusCode: 500 },
    responseTime: 65
  },
  level: 'error',
  message: 'HTTP GET /api/customer',
  timestamp: '2024-03-28T16:43:35.950Z'
}
{
  meta: {
    req: {
      url: '/api/address',
      headers: {
        host: '127.0.0.1:51631',
        'accept-encoding': 'gzip, deflate',
        connection: 'close'
      },
      method: 'GET',
      httpVersion: '1.1',
      originalUrl: '/api/address',
      query: {}
    },
    res: { statusCode: 500 },
    responseTime: 7
  },
  level: 'error',
  message: 'HTTP GET /api/address',
  timestamp: '2024-03-28T16:43:35.954Z'
}
{
  meta: {
    req: {
      url: '/api/orders',
      headers: {
        host: '127.0.0.1:51632',
        'accept-encoding': 'gzip, deflate',
        connection: 'close'
      },
      method: 'GET',
      httpVersion: '1.1',
      originalUrl: '/api/orders',
      query: {}
    },
    res: { statusCode: 500 },
    responseTime: 5
  },
  level: 'error',
  message: 'HTTP GET /api/orders',
  timestamp: '2024-03-28T16:43:35.958Z'
}
{
  meta: {
    req: {
      url: '/api/customer/1000',
      headers: {
        host: '127.0.0.1:51635',
        'accept-encoding': 'gzip, deflate',
        connection: 'close'
      },
      method: 'GET',
      httpVersion: '1.1',
      originalUrl: '/api/customer/1000',
      query: {}
    },
    res: { statusCode: 500 },
    responseTime: 7
  },
  level: 'error',
  message: 'HTTP GET /api/customer/1000',
  timestamp: '2024-03-28T16:43:35.967Z'
}
{
  meta: {
    req: {
      url: '/api/address/1000',
      headers: {
        host: '127.0.0.1:51637',
        'accept-encoding': 'gzip, deflate',
        connection: 'close'
      },
      method: 'GET',
      httpVersion: '1.1',
      originalUrl: '/api/address/1000',
      query: {}
    },
    res: { statusCode: 500 },
    responseTime: 4
  },
  level: 'error',
  message: 'HTTP GET /api/address/1000',
  timestamp: '2024-03-28T16:43:35.967Z'
}
{
  meta: {
    req: {
      url: '/api/orders/1000',
      headers: {
        host: '127.0.0.1:51640',
        'accept-encoding': 'gzip, deflate',
        connection: 'close'
      },
      method: 'GET',
      httpVersion: '1.1',
      originalUrl: '/api/orders/1000',
      query: {}
    },
    res: { statusCode: 500 },
    responseTime: 4
  },
  level: 'error',
  message: 'HTTP GET /api/orders/1000',
  timestamp: '2024-03-28T16:43:35.974Z'
}
{
  meta: {
    req: {
      url: '/api/products',
      headers: {
        host: '127.0.0.1:51639',
        'accept-encoding': 'gzip, deflate',
        connection: 'close'
      },
      method: 'GET',
      httpVersion: '1.1',
      originalUrl: '/api/products',
      query: {}
    },
    res: { statusCode: 500 },
    responseTime: 5
  },
  level: 'error',
  message: 'HTTP GET /api/products',
  timestamp: '2024-03-28T16:43:35.978Z'
}
{
  meta: {
    req: {
      url: '/api/customer',
      headers: {
        host: '127.0.0.1:51649',
        'accept-encoding': 'gzip, deflate',
        'content-type': 'application/json',
        'content-length': '42',
        connection: 'close'
      },
      method: 'POST',
      httpVersion: '1.1',
      originalUrl: '/api/customer',
      query: {}
    },
    res: { statusCode: 500 },
    responseTime: 1
  },
  level: 'error',
  message: 'HTTP POST /api/customer',
  timestamp: '2024-03-28T16:43:35.985Z'
}
{
  meta: {
    req: {
      url: '/api/products/1000',
      headers: {
        host: '127.0.0.1:51652',
        'accept-encoding': 'gzip, deflate',
        connection: 'close'
      },
      method: 'GET',
      httpVersion: '1.1',
      originalUrl: '/api/products/1000',
      query: {}
    },
    res: { statusCode: 500 },
    responseTime: 3
  },
  level: 'error',
  message: 'HTTP GET /api/products/1000',
  timestamp: '2024-03-28T16:43:35.990Z'
}
{
  meta: {
    req: {
      url: '/api/address',
      headers: {
        host: '127.0.0.1:51650',
        'accept-encoding': 'gzip, deflate',
        'content-type': 'application/json',
        'content-length': '95',
        connection: 'close'
      },
      method: 'POST',
      httpVersion: '1.1',
      originalUrl: '/api/address',
      query: {}
    },
    res: { statusCode: 500 },
    responseTime: 5
  },
  level: 'error',
  message: 'HTTP POST /api/address',
  timestamp: '2024-03-28T16:43:35.990Z'
}
{
  meta: {
    req: {
      url: '/api/customer/1000',
      headers: {
        host: '127.0.0.1:51655',
        'accept-encoding': 'gzip, deflate',
        'content-type': 'application/json',
        'content-length': '50',
        connection: 'close'
      },
      method: 'PUT',
      httpVersion: '1.1',
      originalUrl: '/api/customer/1000',
      query: {}
    },
    res: { statusCode: 500 },
    responseTime: 1
  },
  level: 'error',
  message: 'HTTP PUT /api/customer/1000',
  timestamp: '2024-03-28T16:43:35.992Z'
}
{
  meta: {
    req: {
      url: '/api/orders',
      headers: {
        host: '127.0.0.1:51656',
        'accept-encoding': 'gzip, deflate',
        'content-type': 'application/json',
        'content-length': '91',
        connection: 'close'
      },
      method: 'POST',
      httpVersion: '1.1',
      originalUrl: '/api/orders',
      query: {}
    },
    res: { statusCode: 500 },
    responseTime: 5
  },
  level: 'error',
  message: 'HTTP POST /api/orders',
  timestamp: '2024-03-28T16:43:35.996Z'
}
{
  meta: {
    req: {
      url: '/api/address/1000',
      headers: {
        host: '127.0.0.1:51662',
        'accept-encoding': 'gzip, deflate',
        'content-type': 'application/json',
        'content-length': '109',
        connection: 'close'
      },
      method: 'PUT',
      httpVersion: '1.1',
      originalUrl: '/api/address/1000',
      query: {}
    },
    res: { statusCode: 500 },
    responseTime: 3
  },
  level: 'error',
  message: 'HTTP PUT /api/address/1000',
  timestamp: '2024-03-28T16:43:36.004Z'
}
{
  meta: {
    req: {
      url: '/api/orders/1000',
      headers: {
        host: '127.0.0.1:51665',
        'accept-encoding': 'gzip, deflate',
        'content-type': 'application/json',
        'content-length': '90',
        connection: 'close'
      },
      method: 'PUT',
      httpVersion: '1.1',
      originalUrl: '/api/orders/1000',
      query: {}
    },
    res: { statusCode: 500 },
    responseTime: 3
  },
  level: 'error',
  message: 'HTTP PUT /api/orders/1000',
  timestamp: '2024-03-28T16:43:36.005Z'
}
{
  meta: {
    req: {
      url: '/api/customer/1000',
      headers: {
        host: '127.0.0.1:51669',
        'accept-encoding': 'gzip, deflate',
        connection: 'close'
      },
      method: 'DELETE',
      httpVersion: '1.1',
      originalUrl: '/api/customer/1000',
      query: {}
    },
    res: { statusCode: 500 },
    responseTime: 0
  },
  level: 'error',
  message: 'HTTP DELETE /api/customer/1000',
  timestamp: '2024-03-28T16:43:36.006Z'
}
{
  meta: {
    req: {
      url: '/api/products',
      headers: {
        host: '127.0.0.1:51667',
        'accept-encoding': 'gzip, deflate',
        'content-type': 'application/json',
        'content-length': '51',
        connection: 'close'
      },
      method: 'POST',
      httpVersion: '1.1',
      originalUrl: '/api/products',
      query: {}
    },
    res: { statusCode: 500 },
    responseTime: 4
  },
  level: 'error',
  message: 'HTTP POST /api/products',
  timestamp: '2024-03-28T16:43:36.011Z'
}
{
  meta: {
    req: {
      url: '/api/address/1000',
      headers: {
        host: '127.0.0.1:51677',
        'accept-encoding': 'gzip, deflate',
        connection: 'close'
      },
      method: 'DELETE',
      httpVersion: '1.1',
      originalUrl: '/api/address/1000',
      query: {}
    },
    res: { statusCode: 500 },
    responseTime: 3
  },
  level: 'error',
  message: 'HTTP DELETE /api/address/1000',
  timestamp: '2024-03-28T16:43:36.019Z'
}
{
  meta: {
    req: {
      url: '/api/products/1000',
      headers: {
        host: '127.0.0.1:51678',
        'accept-encoding': 'gzip, deflate',
        'content-type': 'application/json',
        'content-length': '65',
        connection: 'close'
      },
      method: 'PUT',
      httpVersion: '1.1',
      originalUrl: '/api/products/1000',
      query: {}
    },
    res: { statusCode: 500 },
    responseTime: 2
  },
  level: 'error',
  message: 'HTTP PUT /api/products/1000',
  timestamp: '2024-03-28T16:43:36.019Z'
}
{
  meta: {
    req: {
      url: '/api/orders/1000',
      headers: {
        host: '127.0.0.1:51680',
        'accept-encoding': 'gzip, deflate',
        connection: 'close'
      },
      method: 'DELETE',
      httpVersion: '1.1',
      originalUrl: '/api/orders/1000',
      query: {}
    },
    res: { statusCode: 500 },
    responseTime: 2
  },
  level: 'error',
  message: 'HTTP DELETE /api/orders/1000',
  timestamp: '2024-03-28T16:43:36.020Z'
}
{
  meta: {
    req: {
      url: '/api/products/1000',
      headers: {
        host: '127.0.0.1:51689',
        'accept-encoding': 'gzip, deflate',
        connection: 'close'
      },
      method: 'DELETE',
      httpVersion: '1.1',
      originalUrl: '/api/products/1000',
      query: {}
    },
    res: { statusCode: 500 },
    responseTime: 2
  },
  level: 'error',
  message: 'HTTP DELETE /api/products/1000',
  timestamp: '2024-03-28T16:43:36.037Z'
}
{
  meta: {
    req: {
      url: '/api/customer',
      headers: {
        host: '127.0.0.1:51703',
        'accept-encoding': 'gzip, deflate',
        'content-type': 'application/json',
        'content-length': '42',
        connection: 'close'
      },
      method: 'POST',
      httpVersion: '1.1',
      originalUrl: '/api/customer',
      query: {}
    },
    res: { statusCode: 500 },
    responseTime: 3
  },
  level: 'error',
  message: 'HTTP POST /api/customer',
  timestamp: '2024-03-28T16:45:03.159Z'
}
{
  meta: {
    req: {
      url: '/api/customer',
      headers: {
        host: '127.0.0.1:51705',
        'accept-encoding': 'gzip, deflate',
        connection: 'close'
      },
      method: 'GET',
      httpVersion: '1.1',
      originalUrl: '/api/customer',
      query: {}
    },
    res: { statusCode: 500 },
    responseTime: 27
  },
  level: 'error',
  message: 'HTTP GET /api/customer',
  timestamp: '2024-03-28T16:45:03.200Z'
}
{
  meta: {
    req: {
      url: '/api/customer/1000',
      headers: {
        host: '127.0.0.1:51707',
        'accept-encoding': 'gzip, deflate',
        connection: 'close'
      },
      method: 'GET',
      httpVersion: '1.1',
      originalUrl: '/api/customer/1000',
      query: {}
    },
    res: { statusCode: 500 },
    responseTime: 8
  },
  level: 'error',
  message: 'HTTP GET /api/customer/1000',
  timestamp: '2024-03-28T16:45:03.215Z'
}
{
  meta: {
    req: {
      url: '/api/customer',
      headers: {
        host: '127.0.0.1:51711',
        'accept-encoding': 'gzip, deflate',
        'content-type': 'application/json',
        'content-length': '42',
        connection: 'close'
      },
      method: 'POST',
      httpVersion: '1.1',
      originalUrl: '/api/customer',
      query: {}
    },
    res: { statusCode: 500 },
    responseTime: 0
  },
  level: 'error',
  message: 'HTTP POST /api/customer',
  timestamp: '2024-03-28T16:45:03.228Z'
}
{
  meta: {
    req: {
      url: '/api/customer/1000',
      headers: {
        host: '127.0.0.1:51713',
        'accept-encoding': 'gzip, deflate',
        'content-type': 'application/json',
        'content-length': '50',
        connection: 'close'
      },
      method: 'PUT',
      httpVersion: '1.1',
      originalUrl: '/api/customer/1000',
      query: {}
    },
    res: { statusCode: 500 },
    responseTime: 1
  },
  level: 'error',
  message: 'HTTP PUT /api/customer/1000',
  timestamp: '2024-03-28T16:45:03.233Z'
}
{
  meta: {
    req: {
      url: '/api/customer/1000',
      headers: {
        host: '127.0.0.1:51717',
        'accept-encoding': 'gzip, deflate',
        connection: 'close'
      },
      method: 'DELETE',
      httpVersion: '1.1',
      originalUrl: '/api/customer/1000',
      query: {}
    },
    res: { statusCode: 500 },
    responseTime: 1
  },
  level: 'error',
  message: 'HTTP DELETE /api/customer/1000',
  timestamp: '2024-03-28T16:45:03.244Z'
}
{
  meta: {
    req: {
      url: '/api/customer',
      headers: {
        host: '127.0.0.1:51725',
        'accept-encoding': 'gzip, deflate',
        'content-type': 'application/json',
        'content-length': '42',
        connection: 'close'
      },
      method: 'POST',
      httpVersion: '1.1',
      originalUrl: '/api/customer',
      query: {}
    },
    res: { statusCode: 500 },
    responseTime: 3
  },
  level: 'error',
  message: 'HTTP POST /api/customer',
  timestamp: '2024-03-28T16:45:26.770Z'
}
{
  meta: {
    req: {
      url: '/api/customer',
      headers: {
        host: '127.0.0.1:51727',
        'accept-encoding': 'gzip, deflate',
        connection: 'close'
      },
      method: 'GET',
      httpVersion: '1.1',
      originalUrl: '/api/customer',
      query: {}
    },
    res: { statusCode: 500 },
    responseTime: 19
  },
  level: 'error',
  message: 'HTTP GET /api/customer',
  timestamp: '2024-03-28T16:45:26.817Z'
}
{
  meta: {
    req: {
      url: '/api/customer/1000',
      headers: {
        host: '127.0.0.1:51729',
        'accept-encoding': 'gzip, deflate',
        connection: 'close'
      },
      method: 'GET',
      httpVersion: '1.1',
      originalUrl: '/api/customer/1000',
      query: {}
    },
    res: { statusCode: 500 },
    responseTime: 9
  },
  level: 'error',
  message: 'HTTP GET /api/customer/1000',
  timestamp: '2024-03-28T16:45:26.842Z'
}
{
  meta: {
    req: {
      url: '/api/customer',
      headers: {
        host: '127.0.0.1:51733',
        'accept-encoding': 'gzip, deflate',
        'content-type': 'application/json',
        'content-length': '42',
        connection: 'close'
      },
      method: 'POST',
      httpVersion: '1.1',
      originalUrl: '/api/customer',
      query: {}
    },
    res: { statusCode: 500 },
    responseTime: 0
  },
  level: 'error',
  message: 'HTTP POST /api/customer',
  timestamp: '2024-03-28T16:45:26.860Z'
}
{
  meta: {
    req: {
      url: '/api/customer/1000',
      headers: {
        host: '127.0.0.1:51735',
        'accept-encoding': 'gzip, deflate',
        'content-type': 'application/json',
        'content-length': '50',
        connection: 'close'
      },
      method: 'PUT',
      httpVersion: '1.1',
      originalUrl: '/api/customer/1000',
      query: {}
    },
    res: { statusCode: 500 },
    responseTime: 1
  },
  level: 'error',
  message: 'HTTP PUT /api/customer/1000',
  timestamp: '2024-03-28T16:45:26.868Z'
}
{
  meta: {
    req: {
      url: '/api/customer/1000',
      headers: {
        host: '127.0.0.1:51739',
        'accept-encoding': 'gzip, deflate',
        connection: 'close'
      },
      method: 'DELETE',
      httpVersion: '1.1',
      originalUrl: '/api/customer/1000',
      query: {}
    },
    res: { statusCode: 500 },
    responseTime: 0
  },
  level: 'error',
  message: 'HTTP DELETE /api/customer/1000',
  timestamp: '2024-03-28T16:45:26.881Z'
}
{
  meta: {
    req: {
      url: '/api/customer',
      headers: {
        host: '127.0.0.1:51749',
        'accept-encoding': 'gzip, deflate',
        'content-type': 'application/json',
        'content-length': '42',
        connection: 'close'
      },
      method: 'POST',
      httpVersion: '1.1',
      originalUrl: '/api/customer',
      query: {}
    },
    res: { statusCode: 500 },
    responseTime: 3
  },
  level: 'error',
  message: 'HTTP POST /api/customer',
  timestamp: '2024-03-28T16:46:16.085Z'
}
{
  meta: {
    req: {
      url: '/api/customer',
      headers: {
        host: '127.0.0.1:51771',
        'accept-encoding': 'gzip, deflate',
        'content-type': 'application/json',
        'content-length': '42',
        connection: 'close'
      },
      method: 'POST',
      httpVersion: '1.1',
      originalUrl: '/api/customer',
      query: {}
    },
    res: { statusCode: 500 },
    responseTime: 3
  },
  level: 'error',
  message: 'HTTP POST /api/customer',
  timestamp: '2024-03-28T16:49:38.282Z'
}
{
  meta: {
    req: {
      url: '/api/customer',
      headers: {
        host: '127.0.0.1:51776',
        'accept-encoding': 'gzip, deflate',
        'content-type': 'application/json',
        'content-length': '42',
        connection: 'close'
      },
      method: 'POST',
      httpVersion: '1.1',
      originalUrl: '/api/customer',
      query: {}
    },
    res: { statusCode: 500 },
    responseTime: 3
  },
  level: 'error',
  message: 'HTTP POST /api/customer',
  timestamp: '2024-03-28T16:50:05.137Z'
}
{
  meta: {
    req: {
      url: '/api/customer',
      headers: {
        host: '127.0.0.1:51787',
        'accept-encoding': 'gzip, deflate',
        'content-type': 'application/json',
        'content-length': '42',
        connection: 'close'
      },
      method: 'POST',
      httpVersion: '1.1',
      originalUrl: '/api/customer',
      query: {}
    },
    res: { statusCode: 500 },
    responseTime: 3
  },
  level: 'error',
  message: 'HTTP POST /api/customer',
  timestamp: '2024-03-28T16:50:44.038Z'
}
{
  meta: {
    req: {
      url: '/api/customer',
      headers: {
        host: '127.0.0.1:51792',
        'accept-encoding': 'gzip, deflate',
        'content-type': 'application/json',
        'content-length': '42',
        connection: 'close'
      },
      method: 'POST',
      httpVersion: '1.1',
      originalUrl: '/api/customer',
      query: {}
    },
    res: { statusCode: 500 },
    responseTime: 18
  },
  level: 'error',
  message: 'HTTP POST /api/customer',
  timestamp: '2024-03-28T16:51:15.676Z'
}
{
  meta: {
    req: {
      url: '/api/customer',
      headers: {
        host: '127.0.0.1:51796',
        'accept-encoding': 'gzip, deflate',
        'content-type': 'application/json',
        'content-length': '42',
        connection: 'close'
      },
      method: 'POST',
      httpVersion: '1.1',
      originalUrl: '/api/customer',
      query: {}
    },
    res: { statusCode: 500 },
    responseTime: 3
  },
  level: 'error',
  message: 'HTTP POST /api/customer',
  timestamp: '2024-03-28T16:52:07.532Z'
}
{
  meta: {
    req: {
      url: '/api/customer',
      headers: {
        host: '127.0.0.1:51810',
        'accept-encoding': 'gzip, deflate',
        'content-type': 'application/json',
        'content-length': '42',
        connection: 'close'
      },
      method: 'POST',
      httpVersion: '1.1',
      originalUrl: '/api/customer',
      query: {}
    },
    res: { statusCode: 500 },
    responseTime: 2
  },
  level: 'error',
  message: 'HTTP POST /api/customer',
  timestamp: '2024-03-28T16:54:07.240Z'
}
{
  meta: {
    req: {
      url: '/api/address',
      headers: {
        host: '127.0.0.1:52003',
        'accept-encoding': 'gzip, deflate',
        'content-type': 'application/json',
        'content-length': '95',
        connection: 'close'
      },
      method: 'POST',
      httpVersion: '1.1',
      originalUrl: '/api/address',
      query: {}
    },
    res: { statusCode: 500 },
    responseTime: 155
  },
  level: 'error',
  message: 'HTTP POST /api/address',
  timestamp: '2024-03-28T17:06:34.284Z'
}
{
  meta: {
    req: {
      url: '/api/orders',
      headers: {
        host: '127.0.0.1:52001',
        'accept-encoding': 'gzip, deflate',
        'content-type': 'application/json',
        'content-length': '94',
        connection: 'close'
      },
      method: 'POST',
      httpVersion: '1.1',
      originalUrl: '/api/orders',
      query: {}
    },
    res: { statusCode: 500 },
    responseTime: 171
  },
  level: 'error',
  message: 'HTTP POST /api/orders',
  timestamp: '2024-03-28T17:06:34.296Z'
}
{
  meta: {
    req: {
      url: '/api/address',
      headers: {
        host: '127.0.0.1:52047',
        'accept-encoding': 'gzip, deflate',
        'content-type': 'application/json',
        'content-length': '95',
        connection: 'close'
      },
      method: 'POST',
      httpVersion: '1.1',
      originalUrl: '/api/address',
      query: {}
    },
    res: { statusCode: 500 },
    responseTime: 5
  },
  level: 'error',
  message: 'HTTP POST /api/address',
  timestamp: '2024-03-28T17:06:34.326Z'
}
{
  meta: {
    req: {
      url: '/api/address',
      headers: {
        host: '127.0.0.1:52131',
        'accept-encoding': 'gzip, deflate',
        'content-type': 'application/json',
        'content-length': '95',
        connection: 'close'
      },
      method: 'POST',
      httpVersion: '1.1',
      originalUrl: '/api/address',
      query: {}
    },
    res: { statusCode: 500 },
    responseTime: 68
  },
  level: 'error',
  message: 'HTTP POST /api/address',
  timestamp: '2024-03-28T17:09:32.922Z'
}
{
  meta: {
    req: {
      url: '/api/address',
      headers: {
        host: '127.0.0.1:52139',
        'accept-encoding': 'gzip, deflate',
        'content-type': 'application/json',
        'content-length': '95',
        connection: 'close'
      },
      method: 'POST',
      httpVersion: '1.1',
      originalUrl: '/api/address',
      query: {}
    },
    res: { statusCode: 500 },
    responseTime: 6
  },
  level: 'error',
  message: 'HTTP POST /api/address',
  timestamp: '2024-03-28T17:09:32.960Z'
}
{
  meta: {
    req: {
      url: '/api/orders',
      headers: {
        host: '127.0.0.1:52320',
        'accept-encoding': 'gzip, deflate',
        'content-type': 'application/json',
        'content-length': '91',
        connection: 'close'
      },
      method: 'POST',
      httpVersion: '1.1',
      originalUrl: '/api/orders',
      query: {}
    },
    res: { statusCode: 500 },
    responseTime: 70
  },
  level: 'error',
  message: 'HTTP POST /api/orders',
  timestamp: '2024-03-28T17:15:08.067Z'
}
{
  meta: {
    req: {
      url: '/api/orders/26',
      headers: {
        host: '127.0.0.1:52361',
        'accept-encoding': 'gzip, deflate',
        connection: 'close'
      },
      method: 'DELETE',
      httpVersion: '1.1',
      originalUrl: '/api/orders/26',
      query: {}
    },
    res: { statusCode: 500 },
    responseTime: 48
  },
  level: 'error',
  message: 'HTTP DELETE /api/orders/26',
  timestamp: '2024-03-28T17:15:37.395Z'
}
{
  meta: {
    req: {
      url: '/api/orders',
      headers: {
        host: '127.0.0.1:52408',
        'accept-encoding': 'gzip, deflate',
        'content-type': 'application/json',
        'content-length': '94',
        connection: 'close'
      },
      method: 'POST',
      httpVersion: '1.1',
      originalUrl: '/api/orders',
      query: {}
    },
    res: { statusCode: 500 },
    responseTime: 69
  },
  level: 'error',
  message: 'HTTP POST /api/orders',
  timestamp: '2024-03-28T17:16:21.238Z'
}
{
  meta: {
    req: {
      url: '/api/orders',
      headers: {
        host: '127.0.0.1:52416',
        'accept-encoding': 'gzip, deflate',
        'content-type': 'application/json',
        'content-length': '94',
        connection: 'close'
      },
      method: 'POST',
      httpVersion: '1.1',
      originalUrl: '/api/orders',
      query: {}
    },
    res: { statusCode: 500 },
    responseTime: 10
  },
  level: 'error',
  message: 'HTTP POST /api/orders',
  timestamp: '2024-03-28T17:16:21.287Z'
}
{
  meta: {
    req: {
      url: '/api/orders',
      headers: {
        host: '127.0.0.1:52591',
        'accept-encoding': 'gzip, deflate',
        'content-type': 'application/json',
        'content-length': '94',
        connection: 'close'
      },
      method: 'POST',
      httpVersion: '1.1',
      originalUrl: '/api/orders',
      query: {}
    },
    res: { statusCode: 500 },
    responseTime: 63
  },
  level: 'error',
  message: 'HTTP POST /api/orders',
  timestamp: '2024-03-28T17:21:03.392Z'
}
{
  meta: {
    req: {
      url: '/api/address',
      headers: {
        host: '127.0.0.1:52758',
        'accept-encoding': 'gzip, deflate',
        'content-type': 'application/json',
        'content-length': '95',
        connection: 'close'
      },
      method: 'POST',
      httpVersion: '1.1',
      originalUrl: '/api/address',
      query: {}
    },
    res: { statusCode: 500 },
    responseTime: 67
  },
  level: 'error',
  message: 'HTTP POST /api/address',
  timestamp: '2024-03-28T17:25:32.014Z'
}
{
  meta: {
    req: {
      url: '/api/address',
      headers: {
        host: '127.0.0.1:52955',
        'accept-encoding': 'gzip, deflate',
        'content-type': 'application/json',
        'content-length': '95',
        connection: 'close'
      },
      method: 'POST',
      httpVersion: '1.1',
      originalUrl: '/api/address',
      query: {}
    },
    res: { statusCode: 500 },
    responseTime: 64
  },
  level: 'error',
  message: 'HTTP POST /api/address',
  timestamp: '2024-03-28T17:27:32.549Z'
}
{
  meta: {
    req: {
      url: '/api/orders',
      headers: {
        host: '127.0.0.1:53037',
        'accept-encoding': 'gzip, deflate',
        'content-type': 'application/json',
        'content-length': '94',
        connection: 'close'
      },
      method: 'POST',
      httpVersion: '1.1',
      originalUrl: '/api/orders',
      query: {}
    },
    res: { statusCode: 500 },
    responseTime: 63
  },
  level: 'error',
  message: 'HTTP POST /api/orders',
  timestamp: '2024-03-28T17:31:34.749Z'
}
{
  meta: {
    req: {
      url: '/api/orders',
      headers: {
        host: '127.0.0.1:53045',
        'accept-encoding': 'gzip, deflate',
        'content-type': 'application/json',
        'content-length': '94',
        connection: 'close'
      },
      method: 'POST',
      httpVersion: '1.1',
      originalUrl: '/api/orders',
      query: {}
    },
    res: { statusCode: 500 },
    responseTime: 8
  },
  level: 'error',
  message: 'HTTP POST /api/orders',
  timestamp: '2024-03-28T17:31:34.799Z'
}
{
  meta: {
    req: {
      url: '/api/orders',
      headers: {
        host: '127.0.0.1:53073',
        'accept-encoding': 'gzip, deflate',
        'content-type': 'application/json',
        'content-length': '94',
        connection: 'close'
      },
      method: 'POST',
      httpVersion: '1.1',
      originalUrl: '/api/orders',
      query: {}
    },
    res: { statusCode: 500 },
    responseTime: 67
  },
  level: 'error',
  message: 'HTTP POST /api/orders',
  timestamp: '2024-03-28T17:32:59.772Z'
}
{
  meta: {
    req: {
      url: '/api/orders/39',
      headers: {
        host: '127.0.0.1:53217',
        'accept-encoding': 'gzip, deflate',
        connection: 'close'
      },
      method: 'DELETE',
      httpVersion: '1.1',
      originalUrl: '/api/orders/39',
      query: {}
    },
    res: { statusCode: 500 },
    responseTime: 48
  },
  level: 'error',
  message: 'HTTP DELETE /api/orders/39',
  timestamp: '2024-03-28T17:37:24.413Z'
}
{
  meta: {
    req: {
      url: '/api/orders',
      headers: {
        host: '127.0.0.1:53344',
        'accept-encoding': 'gzip, deflate',
        'content-type': 'application/json',
        'content-length': '94',
        connection: 'close'
      },
      method: 'POST',
      httpVersion: '1.1',
      originalUrl: '/api/orders',
      query: {}
    },
    res: { statusCode: 500 },
    responseTime: 66
  },
  level: 'error',
  message: 'HTTP POST /api/orders',
  timestamp: '2024-03-28T17:45:13.755Z'
}
{
  meta: {
    req: {
      url: '/api/orders',
      headers: {
        host: '127.0.0.1:53352',
        'accept-encoding': 'gzip, deflate',
        'content-type': 'application/json',
        'content-length': '94',
        connection: 'close'
      },
      method: 'POST',
      httpVersion: '1.1',
      originalUrl: '/api/orders',
      query: {}
    },
    res: { statusCode: 500 },
    responseTime: 6
  },
  level: 'error',
  message: 'HTTP POST /api/orders',
  timestamp: '2024-03-28T17:45:13.798Z'
}
{
  meta: {
    req: {
      url: '/api/orders',
      headers: {
        host: '127.0.0.1:53559',
        'accept-encoding': 'gzip, deflate',
        'content-type': 'application/json',
        'content-length': '94',
        connection: 'close'
      },
      method: 'POST',
      httpVersion: '1.1',
      originalUrl: '/api/orders',
      query: {}
    },
    res: { statusCode: 500 },
    responseTime: 67
  },
  level: 'error',
  message: 'HTTP POST /api/orders',
  timestamp: '2024-03-28T17:47:07.214Z'
}
{
  meta: {
    req: {
      url: '/api/orders',
      headers: {
        host: '127.0.0.1:53567',
        'accept-encoding': 'gzip, deflate',
        'content-type': 'application/json',
        'content-length': '94',
        connection: 'close'
      },
      method: 'POST',
      httpVersion: '1.1',
      originalUrl: '/api/orders',
      query: {}
    },
    res: { statusCode: 500 },
    responseTime: 7
  },
  level: 'error',
  message: 'HTTP POST /api/orders',
  timestamp: '2024-03-28T17:47:07.258Z'
}
{
  meta: {
    req: {
      url: '/api/orders',
      headers: {
        host: '127.0.0.1:53599',
        'accept-encoding': 'gzip, deflate',
        'content-type': 'application/json',
        'content-length': '94',
        connection: 'close'
      },
      method: 'POST',
      httpVersion: '1.1',
      originalUrl: '/api/orders',
      query: {}
    },
    res: { statusCode: 500 },
    responseTime: 109
  },
  level: 'error',
  message: 'HTTP POST /api/orders',
  timestamp: '2024-03-28T17:47:47.951Z'
}
{
  meta: {
    req: {
      url: '/api/orders',
      headers: {
        host: '127.0.0.1:53656',
        'accept-encoding': 'gzip, deflate',
        'content-type': 'application/json',
        'content-length': '94',
        connection: 'close'
      },
      method: 'POST',
      httpVersion: '1.1',
      originalUrl: '/api/orders',
      query: {}
    },
    res: { statusCode: 500 },
    responseTime: 4
  },
  level: 'error',
  message: 'HTTP POST /api/orders',
  timestamp: '2024-03-28T17:47:48.003Z'
}
{
  meta: {
    req: {
      url: '/api/orders',
      headers: {
        host: '127.0.0.1:53691',
        'accept-encoding': 'gzip, deflate',
        'content-type': 'application/json',
        'content-length': '94',
        connection: 'close'
      },
      method: 'POST',
      httpVersion: '1.1',
      originalUrl: '/api/orders',
      query: {}
    },
    res: { statusCode: 500 },
    responseTime: 105
  },
  level: 'error',
  message: 'HTTP POST /api/orders',
  timestamp: '2024-03-28T17:47:59.711Z'
}
{
  meta: {
    req: {
      url: '/api/orders',
      headers: {
        host: '127.0.0.1:53742',
        'accept-encoding': 'gzip, deflate',
        'content-type': 'application/json',
        'content-length': '94',
        connection: 'close'
      },
      method: 'POST',
      httpVersion: '1.1',
      originalUrl: '/api/orders',
      query: {}
    },
    res: { statusCode: 500 },
    responseTime: 4
  },
  level: 'error',
  message: 'HTTP POST /api/orders',
  timestamp: '2024-03-28T17:47:59.757Z'
}
{
  meta: {
    req: {
      url: '/api/orders',
      headers: {
        host: '127.0.0.1:53949',
        'accept-encoding': 'gzip, deflate',
        'content-type': 'application/json',
        'content-length': '94',
        connection: 'close'
      },
      method: 'POST',
      httpVersion: '1.1',
      originalUrl: '/api/orders',
      query: {}
    },
    res: { statusCode: 500 },
    responseTime: 79
  },
  level: 'error',
  message: 'HTTP POST /api/orders',
  timestamp: '2024-03-28T17:57:12.812Z'
}
{
  meta: {
    req: {
      url: '/api/orders',
      headers: {
        host: '127.0.0.1:53957',
        'accept-encoding': 'gzip, deflate',
        'content-type': 'application/json',
        'content-length': '94',
        connection: 'close'
      },
      method: 'POST',
      httpVersion: '1.1',
      originalUrl: '/api/orders',
      query: {}
    },
    res: { statusCode: 500 },
    responseTime: 3
  },
  level: 'error',
  message: 'HTTP POST /api/orders',
  timestamp: '2024-03-28T17:57:12.850Z'
}
{
  meta: {
    req: {
      url: '/api/orders',
      headers: {
        host: '127.0.0.1:54316',
        'accept-encoding': 'gzip, deflate',
        'content-type': 'application/json',
        'content-length': '94',
        connection: 'close'
      },
      method: 'POST',
      httpVersion: '1.1',
      originalUrl: '/api/orders',
      query: {}
    },
    res: { statusCode: 500 },
    responseTime: 98
  },
  level: 'error',
  message: 'HTTP POST /api/orders',
  timestamp: '2024-03-28T18:05:03.818Z'
}
{
  meta: {
    req: {
      url: '/api/orders',
      headers: {
        host: '127.0.0.1:54362',
        'accept-encoding': 'gzip, deflate',
        'content-type': 'application/json',
        'content-length': '94',
        connection: 'close'
      },
      method: 'POST',
      httpVersion: '1.1',
      originalUrl: '/api/orders',
      query: {}
    },
    res: { statusCode: 500 },
    responseTime: 3
  },
  level: 'error',
  message: 'HTTP POST /api/orders',
  timestamp: '2024-03-28T18:05:03.864Z'
}
{
  meta: {
    req: {
      url: '/api/orders/57',
      headers: {
        host: '127.0.0.1:54468',
        'accept-encoding': 'gzip, deflate',
        connection: 'close'
      },
      method: 'DELETE',
      httpVersion: '1.1',
      originalUrl: '/api/orders/57',
      query: {}
    },
    res: { statusCode: 500 },
    responseTime: 43
  },
  level: 'error',
  message: 'HTTP DELETE /api/orders/57',
  timestamp: '2024-03-28T18:05:44.026Z'
}
{
  meta: {
    req: {
      url: '/api/orders/59',
      headers: {
        host: '127.0.0.1:54557',
        'accept-encoding': 'gzip, deflate',
        connection: 'close'
      },
      method: 'DELETE',
      httpVersion: '1.1',
      originalUrl: '/api/orders/59',
      query: {}
    },
    res: { statusCode: 500 },
    responseTime: 44
  },
  level: 'error',
  message: 'HTTP DELETE /api/orders/59',
  timestamp: '2024-03-28T18:06:11.390Z'
}
{
  meta: {
    req: {
      url: '/api/orders',
      headers: {
        host: '127.0.0.1:54634',
        'accept-encoding': 'gzip, deflate',
        'content-type': 'application/json',
        'content-length': '94',
        connection: 'close'
      },
      method: 'POST',
      httpVersion: '1.1',
      originalUrl: '/api/orders',
      query: {}
    },
    res: { statusCode: 500 },
    responseTime: 78
  },
  level: 'error',
  message: 'HTTP POST /api/orders',
  timestamp: '2024-03-28T18:07:16.576Z'
}
{
  meta: {
    req: {
      url: '/api/orders',
      headers: {
        host: '127.0.0.1:54642',
        'accept-encoding': 'gzip, deflate',
        'content-type': 'application/json',
        'content-length': '94',
        connection: 'close'
      },
      method: 'POST',
      httpVersion: '1.1',
      originalUrl: '/api/orders',
      query: {}
    },
    res: { statusCode: 500 },
    responseTime: 3
  },
  level: 'error',
  message: 'HTTP POST /api/orders',
  timestamp: '2024-03-28T18:07:16.618Z'
}
{
  meta: {
    req: {
      url: '/api/orders',
      headers: {
        host: '127.0.0.1:54683',
        'accept-encoding': 'gzip, deflate',
        'content-type': 'application/json',
        'content-length': '94',
        connection: 'close'
      },
      method: 'POST',
      httpVersion: '1.1',
      originalUrl: '/api/orders',
      query: {}
    },
    res: { statusCode: 500 },
    responseTime: 103
  },
  level: 'error',
  message: 'HTTP POST /api/orders',
  timestamp: '2024-03-28T18:08:29.781Z'
}
{
  meta: {
    req: {
      url: '/api/orders',
      headers: {
        host: '127.0.0.1:54736',
        'accept-encoding': 'gzip, deflate',
        'content-type': 'application/json',
        'content-length': '94',
        connection: 'close'
      },
      method: 'POST',
      httpVersion: '1.1',
      originalUrl: '/api/orders',
      query: {}
    },
    res: { statusCode: 500 },
    responseTime: 3
  },
  level: 'error',
  message: 'HTTP POST /api/orders',
  timestamp: '2024-03-28T18:08:29.829Z'
}
{
  meta: {
    req: {
      url: '/api/orders',
      headers: {
        host: '127.0.0.1:54848',
        'accept-encoding': 'gzip, deflate',
        'content-type': 'application/json',
        'content-length': '94',
        connection: 'close'
      },
      method: 'POST',
      httpVersion: '1.1',
      originalUrl: '/api/orders',
      query: {}
    },
    res: { statusCode: 500 },
    responseTime: 81
  },
  level: 'error',
  message: 'HTTP POST /api/orders',
  timestamp: '2024-03-28T18:10:09.646Z'
}
{
  meta: {
    req: {
      url: '/api/orders',
      headers: {
        host: '127.0.0.1:54856',
        'accept-encoding': 'gzip, deflate',
        'content-type': 'application/json',
        'content-length': '94',
        connection: 'close'
      },
      method: 'POST',
      httpVersion: '1.1',
      originalUrl: '/api/orders',
      query: {}
    },
    res: { statusCode: 500 },
    responseTime: 4
  },
  level: 'error',
  message: 'HTTP POST /api/orders',
  timestamp: '2024-03-28T18:10:09.693Z'
}
{
  meta: {
    req: {
      url: '/api/orders',
      headers: {
        host: '127.0.0.1:54946',
        'accept-encoding': 'gzip, deflate',
        'content-type': 'application/json',
        'content-length': '95',
        connection: 'close'
      },
      method: 'POST',
      httpVersion: '1.1',
      originalUrl: '/api/orders',
      query: {}
    },
    res: { statusCode: 500 },
    responseTime: 80
  },
  level: 'error',
  message: 'HTTP POST /api/orders',
  timestamp: '2024-03-28T18:11:50.766Z'
}
{
  meta: {
    req: {
      url: '/api/orders',
      headers: {
        host: '127.0.0.1:54954',
        'accept-encoding': 'gzip, deflate',
        'content-type': 'application/json',
        'content-length': '95',
        connection: 'close'
      },
      method: 'POST',
      httpVersion: '1.1',
      originalUrl: '/api/orders',
      query: {}
    },
    res: { statusCode: 500 },
    responseTime: 3
  },
  level: 'error',
  message: 'HTTP POST /api/orders',
  timestamp: '2024-03-28T18:11:50.805Z'
}
{
  meta: {
    req: {
      url: '/api/orders',
      headers: {
        host: '127.0.0.1:55047',
        'accept-encoding': 'gzip, deflate',
        'content-type': 'application/json',
        'content-length': '95',
        connection: 'close'
      },
      method: 'POST',
      httpVersion: '1.1',
      originalUrl: '/api/orders',
      query: {}
    },
    res: { statusCode: 500 },
    responseTime: 52
  },
  level: 'error',
  message: 'HTTP POST /api/orders',
  timestamp: '2024-03-28T18:13:06.354Z'
}
{
  meta: {
    req: {
      url: '/api/orders',
      headers: {
        host: '127.0.0.1:55055',
        'accept-encoding': 'gzip, deflate',
        'content-type': 'application/json',
        'content-length': '95',
        connection: 'close'
      },
      method: 'POST',
      httpVersion: '1.1',
      originalUrl: '/api/orders',
      query: {}
    },
    res: { statusCode: 500 },
    responseTime: 3
  },
  level: 'error',
  message: 'HTTP POST /api/orders',
  timestamp: '2024-03-28T18:13:06.388Z'
}
{
  meta: {
    req: {
      url: '/api/orders',
      headers: {
        host: '127.0.0.1:55467',
        'accept-encoding': 'gzip, deflate',
        'content-type': 'application/json',
        'content-length': '95',
        connection: 'close'
      },
      method: 'POST',
      httpVersion: '1.1',
      originalUrl: '/api/orders',
      query: {}
    },
    res: { statusCode: 500 },
    responseTime: 52
  },
  level: 'error',
  message: 'HTTP POST /api/orders',
  timestamp: '2024-03-28T18:23:08.948Z'
}
{
  meta: {
    req: {
      url: '/api/orders',
      headers: {
        host: '127.0.0.1:55475',
        'accept-encoding': 'gzip, deflate',
        'content-type': 'application/json',
        'content-length': '95',
        connection: 'close'
      },
      method: 'POST',
      httpVersion: '1.1',
      originalUrl: '/api/orders',
      query: {}
    },
    res: { statusCode: 500 },
    responseTime: 4
  },
  level: 'error',
  message: 'HTTP POST /api/orders',
  timestamp: '2024-03-28T18:23:08.983Z'
}
{
  meta: {
    req: {
      url: '/api/orders',
      headers: {
        host: '127.0.0.1:55767',
        'accept-encoding': 'gzip, deflate',
        'content-type': 'application/json',
        'content-length': '95',
        connection: 'close'
      },
      method: 'POST',
      httpVersion: '1.1',
      originalUrl: '/api/orders',
      query: {}
    },
    res: { statusCode: 500 },
    responseTime: 57
  },
  level: 'error',
  message: 'HTTP POST /api/orders',
  timestamp: '2024-03-28T18:34:15.941Z'
}
{
  meta: {
    req: {
      url: '/api/orders',
      headers: {
        host: '127.0.0.1:55775',
        'accept-encoding': 'gzip, deflate',
        'content-type': 'application/json',
        'content-length': '95',
        connection: 'close'
      },
      method: 'POST',
      httpVersion: '1.1',
      originalUrl: '/api/orders',
      query: {}
    },
    res: { statusCode: 500 },
    responseTime: 7
  },
  level: 'error',
  message: 'HTTP POST /api/orders',
  timestamp: '2024-03-28T18:34:15.981Z'
}
{
  meta: {
    req: {
      url: '/api/orders',
      headers: {
        host: '127.0.0.1:55794',
        'accept-encoding': 'gzip, deflate',
        'content-type': 'application/json',
        'content-length': '95',
        connection: 'close'
      },
      method: 'POST',
      httpVersion: '1.1',
      originalUrl: '/api/orders',
      query: {}
    },
    res: { statusCode: 500 },
    responseTime: 56
  },
  level: 'error',
  message: 'HTTP POST /api/orders',
  timestamp: '2024-03-28T18:34:23.543Z'
}
{
  meta: {
    req: {
      url: '/api/orders',
      headers: {
        host: '127.0.0.1:55802',
        'accept-encoding': 'gzip, deflate',
        'content-type': 'application/json',
        'content-length': '95',
        connection: 'close'
      },
      method: 'POST',
      httpVersion: '1.1',
      originalUrl: '/api/orders',
      query: {}
    },
    res: { statusCode: 500 },
    responseTime: 6
  },
  level: 'error',
  message: 'HTTP POST /api/orders',
  timestamp: '2024-03-28T18:34:23.584Z'
}
{
  meta: {
    req: {
      url: '/api/orders',
      headers: {
        host: '127.0.0.1:55819',
        'accept-encoding': 'gzip, deflate',
        'content-type': 'application/json',
        'content-length': '95',
        connection: 'close'
      },
      method: 'POST',
      httpVersion: '1.1',
      originalUrl: '/api/orders',
      query: {}
    },
    res: { statusCode: 500 },
    responseTime: 55
  },
  level: 'error',
  message: 'HTTP POST /api/orders',
  timestamp: '2024-03-28T18:34:33.247Z'
}
{
  meta: {
    req: {
      url: '/api/orders',
      headers: {
        host: '127.0.0.1:55827',
        'accept-encoding': 'gzip, deflate',
        'content-type': 'application/json',
        'content-length': '95',
        connection: 'close'
      },
      method: 'POST',
      httpVersion: '1.1',
      originalUrl: '/api/orders',
      query: {}
    },
    res: { statusCode: 500 },
    responseTime: 7
  },
  level: 'error',
  message: 'HTTP POST /api/orders',
  timestamp: '2024-03-28T18:34:33.344Z'
}
{
  meta: {
    req: {
      url: '/api/orders',
      headers: {
        host: '127.0.0.1:55852',
        'accept-encoding': 'gzip, deflate',
        'content-type': 'application/json',
        'content-length': '95',
        connection: 'close'
      },
      method: 'POST',
      httpVersion: '1.1',
      originalUrl: '/api/orders',
      query: {}
    },
    res: { statusCode: 500 },
    responseTime: 63
  },
  level: 'error',
  message: 'HTTP POST /api/orders',
  timestamp: '2024-03-28T18:34:48.181Z'
}
{
  meta: {
    req: {
      url: '/api/orders',
      headers: {
        host: '127.0.0.1:55860',
        'accept-encoding': 'gzip, deflate',
        'content-type': 'application/json',
        'content-length': '95',
        connection: 'close'
      },
      method: 'POST',
      httpVersion: '1.1',
      originalUrl: '/api/orders',
      query: {}
    },
    res: { statusCode: 500 },
    responseTime: 9
  },
  level: 'error',
  message: 'HTTP POST /api/orders',
  timestamp: '2024-03-28T18:34:48.232Z'
}
{
  meta: {
    req: {
      url: '/api/orders',
      headers: {
        host: '127.0.0.1:56261',
        'accept-encoding': 'gzip, deflate',
        'content-type': 'application/json',
        'content-length': '95',
        connection: 'close'
      },
      method: 'POST',
      httpVersion: '1.1',
      originalUrl: '/api/orders',
      query: {}
    },
    res: { statusCode: 500 },
    responseTime: 57
  },
  level: 'error',
  message: 'HTTP POST /api/orders',
  timestamp: '2024-03-28T18:39:57.366Z'
}
{
  meta: {
    req: {
      url: '/api/orders',
      headers: {
        host: '127.0.0.1:56269',
        'accept-encoding': 'gzip, deflate',
        'content-type': 'application/json',
        'content-length': '95',
        connection: 'close'
      },
      method: 'POST',
      httpVersion: '1.1',
      originalUrl: '/api/orders',
      query: {}
    },
    res: { statusCode: 500 },
    responseTime: 5
  },
  level: 'error',
  message: 'HTTP POST /api/orders',
  timestamp: '2024-03-28T18:39:57.404Z'
}
{
  meta: {
    req: {
      url: '/api/orders',
      headers: {
        host: '127.0.0.1:56299',
        'accept-encoding': 'gzip, deflate',
        'content-type': 'application/json',
        'content-length': '95',
        connection: 'close'
      },
      method: 'POST',
      httpVersion: '1.1',
      originalUrl: '/api/orders',
      query: {}
    },
    res: { statusCode: 500 },
    responseTime: 56
  },
  level: 'error',
  message: 'HTTP POST /api/orders',
  timestamp: '2024-03-28T18:41:20.741Z'
}
{
  meta: {
    req: {
      url: '/api/orders',
      headers: {
        host: '127.0.0.1:56307',
        'accept-encoding': 'gzip, deflate',
        'content-type': 'application/json',
        'content-length': '95',
        connection: 'close'
      },
      method: 'POST',
      httpVersion: '1.1',
      originalUrl: '/api/orders',
      query: {}
    },
    res: { statusCode: 500 },
    responseTime: 6
  },
  level: 'error',
  message: 'HTTP POST /api/orders',
  timestamp: '2024-03-28T18:41:20.780Z'
}
{
  meta: {
    req: {
      url: '/api/orders',
      headers: {
        host: '127.0.0.1:56557',
        'accept-encoding': 'gzip, deflate',
        'content-type': 'application/json',
        'content-length': '95',
        connection: 'close'
      },
      method: 'POST',
      httpVersion: '1.1',
      originalUrl: '/api/orders',
      query: {}
    },
    res: { statusCode: 500 },
    responseTime: 60
  },
  level: 'error',
  message: 'HTTP POST /api/orders',
  timestamp: '2024-03-28T18:45:44.575Z'
}
{
  meta: {
    req: {
      url: '/api/orders/87',
      headers: {
        host: '127.0.0.1:56602',
        'accept-encoding': 'gzip, deflate',
        connection: 'close'
      },
      method: 'DELETE',
      httpVersion: '1.1',
      originalUrl: '/api/orders/87',
      query: {}
    },
    res: { statusCode: 500 },
    responseTime: 38
  },
  level: 'error',
  message: 'HTTP DELETE /api/orders/87',
  timestamp: '2024-03-28T18:46:16.507Z'
}
{
  meta: {
    req: {
      url: '/api/orders',
      headers: {
        host: '127.0.0.1:56757',
        'accept-encoding': 'gzip, deflate',
        'content-type': 'application/json',
        'content-length': '95',
        connection: 'close'
      },
      method: 'POST',
      httpVersion: '1.1',
      originalUrl: '/api/orders',
      query: {}
    },
    res: { statusCode: 500 },
    responseTime: 60
  },
  level: 'error',
  message: 'HTTP POST /api/orders',
  timestamp: '2024-03-28T18:47:20.771Z'
}
{
  meta: {
    req: {
      url: '/api/orders',
      headers: {
        host: '127.0.0.1:56771',
        'accept-encoding': 'gzip, deflate',
        'content-type': 'application/json',
        'content-length': '95',
        connection: 'close'
      },
      method: 'POST',
      httpVersion: '1.1',
      originalUrl: '/api/orders',
      query: {}
    },
    res: { statusCode: 500 },
    responseTime: 4
  },
  level: 'error',
  message: 'HTTP POST /api/orders',
  timestamp: '2024-03-28T18:47:20.800Z'
}
{
  meta: {
    req: {
      url: '/api/orders',
      headers: {
        host: '127.0.0.1:56825',
        'accept-encoding': 'gzip, deflate',
        'content-type': 'application/json',
        'content-length': '96',
        connection: 'close'
      },
      method: 'POST',
      httpVersion: '1.1',
      originalUrl: '/api/orders',
      query: {}
    },
    res: { statusCode: 500 },
    responseTime: 67
  },
  level: 'error',
  message: 'HTTP POST /api/orders',
  timestamp: '2024-03-28T18:47:29.885Z'
}
{
  meta: {
    req: {
      url: '/api/orders',
      headers: {
        host: '127.0.0.1:56855',
        'accept-encoding': 'gzip, deflate',
        'content-type': 'application/json',
        'content-length': '96',
        connection: 'close'
      },
      method: 'POST',
      httpVersion: '1.1',
      originalUrl: '/api/orders',
      query: {}
    },
    res: { statusCode: 500 },
    responseTime: 3
  },
  level: 'error',
  message: 'HTTP POST /api/orders',
  timestamp: '2024-03-28T18:47:29.912Z'
}
{
  meta: {
    req: {
      url: '/api/orders',
      headers: {
        host: '127.0.0.1:56943',
        'accept-encoding': 'gzip, deflate',
        'content-type': 'application/json',
        'content-length': '96',
        connection: 'close'
      },
      method: 'POST',
      httpVersion: '1.1',
      originalUrl: '/api/orders',
      query: {}
    },
    res: { statusCode: 500 },
    responseTime: 53
  },
  level: 'error',
  message: 'HTTP POST /api/orders',
  timestamp: '2024-03-28T18:48:23.226Z'
}
{
  meta: {
    req: {
      url: '/api/orders',
      headers: {
        host: '127.0.0.1:56947',
        'accept-encoding': 'gzip, deflate',
        'content-type': 'application/json',
        'content-length': '96',
        connection: 'close'
      },
      method: 'POST',
      httpVersion: '1.1',
      originalUrl: '/api/orders',
      query: {}
    },
    res: { statusCode: 500 },
    responseTime: 4
  },
  level: 'error',
  message: 'HTTP POST /api/orders',
  timestamp: '2024-03-28T18:48:23.249Z'
}
{
  meta: {
    req: {
      url: '/api/orders',
      headers: {
        host: '127.0.0.1:57071',
        'accept-encoding': 'gzip, deflate',
        'content-type': 'application/json',
        'content-length': '97',
        connection: 'close'
      },
      method: 'POST',
      httpVersion: '1.1',
      originalUrl: '/api/orders',
      query: {}
    },
    res: { statusCode: 500 },
    responseTime: 56
  },
  level: 'error',
  message: 'HTTP POST /api/orders',
  timestamp: '2024-03-28T18:53:10.635Z'
}
{
  meta: {
    req: {
      url: '/api/orders',
      headers: {
        host: '127.0.0.1:57079',
        'accept-encoding': 'gzip, deflate',
        'content-type': 'application/json',
        'content-length': '97',
        connection: 'close'
      },
      method: 'POST',
      httpVersion: '1.1',
      originalUrl: '/api/orders',
      query: {}
    },
    res: { statusCode: 500 },
    responseTime: 4
  },
  level: 'error',
  message: 'HTTP POST /api/orders',
  timestamp: '2024-03-28T18:53:10.662Z'
}
{
  meta: {
    req: {
      url: '/api/orders',
      headers: {
        host: '127.0.0.1:57258',
        'accept-encoding': 'gzip, deflate',
        'content-type': 'application/json',
        'content-length': '97',
        connection: 'close'
      },
      method: 'POST',
      httpVersion: '1.1',
      originalUrl: '/api/orders',
      query: {}
    },
    res: { statusCode: 500 },
    responseTime: 54
  },
  level: 'error',
  message: 'HTTP POST /api/orders',
  timestamp: '2024-03-28T18:57:08.063Z'
}
{
  meta: {
    req: {
      url: '/api/orders',
      headers: {
        host: '127.0.0.1:57262',
        'accept-encoding': 'gzip, deflate',
        'content-type': 'application/json',
        'content-length': '97',
        connection: 'close'
      },
      method: 'POST',
      httpVersion: '1.1',
      originalUrl: '/api/orders',
      query: {}
    },
    res: { statusCode: 500 },
    responseTime: 3
  },
  level: 'error',
  message: 'HTTP POST /api/orders',
  timestamp: '2024-03-28T18:57:08.089Z'
}
{
  meta: {
    req: {
      url: '/api/orders',
      headers: {
        host: '127.0.0.1:57670',
        'accept-encoding': 'gzip, deflate',
        'content-type': 'application/json',
        'content-length': '97',
        connection: 'close'
      },
      method: 'POST',
      httpVersion: '1.1',
      originalUrl: '/api/orders',
      query: {}
    },
    res: { statusCode: 500 },
    responseTime: 53
  },
  level: 'error',
  message: 'HTTP POST /api/orders',
  timestamp: '2024-03-28T19:06:22.960Z'
}
{
  meta: {
    req: {
      url: '/api/orders',
      headers: {
        host: '127.0.0.1:57674',
        'accept-encoding': 'gzip, deflate',
        'content-type': 'application/json',
        'content-length': '97',
        connection: 'close'
      },
      method: 'POST',
      httpVersion: '1.1',
      originalUrl: '/api/orders',
      query: {}
    },
    res: { statusCode: 500 },
    responseTime: 7
  },
  level: 'error',
  message: 'HTTP POST /api/orders',
  timestamp: '2024-03-28T19:06:22.987Z'
}
{
  meta: {
    req: {
      url: '/api/orders',
      headers: {
        host: '127.0.0.1:57760',
        'accept-encoding': 'gzip, deflate',
        'content-type': 'application/json',
        'content-length': '97',
        connection: 'close'
      },
      method: 'POST',
      httpVersion: '1.1',
      originalUrl: '/api/orders',
      query: {}
    },
    res: { statusCode: 500 },
    responseTime: 49
  },
  level: 'error',
  message: 'HTTP POST /api/orders',
  timestamp: '2024-03-28T19:07:28.146Z'
}
{
  meta: {
    req: {
      url: '/api/orders',
      headers: {
        host: '127.0.0.1:57787',
        'accept-encoding': 'gzip, deflate',
        'content-type': 'application/json',
        'content-length': '97',
        connection: 'close'
      },
      method: 'POST',
      httpVersion: '1.1',
      originalUrl: '/api/orders',
      query: {}
    },
    res: { statusCode: 500 },
    responseTime: 50
  },
  level: 'error',
  message: 'HTTP POST /api/orders',
  timestamp: '2024-03-28T19:07:46.904Z'
}
{
  meta: {
    req: {
      url: '/api/orders',
      headers: {
        host: '127.0.0.1:57820',
        'accept-encoding': 'gzip, deflate',
        'content-type': 'application/json',
        'content-length': '97',
        connection: 'close'
      },
      method: 'POST',
      httpVersion: '1.1',
      originalUrl: '/api/orders',
      query: {}
    },
    res: { statusCode: 500 },
    responseTime: 47
  },
  level: 'error',
  message: 'HTTP POST /api/orders',
  timestamp: '2024-03-28T19:08:20.427Z'
}
{
  meta: {
    req: {
      url: '/api/orders',
      headers: {
        host: '127.0.0.1:57899',
        'accept-encoding': 'gzip, deflate',
        'content-type': 'application/json',
        'content-length': '97',
        connection: 'close'
      },
      method: 'POST',
      httpVersion: '1.1',
      originalUrl: '/api/orders',
      query: {}
    },
    res: { statusCode: 500 },
    responseTime: 61
  },
  level: 'error',
  message: 'HTTP POST /api/orders',
  timestamp: '2024-03-28T19:12:51.976Z'
}
{
  meta: {
    req: {
      url: '/api/orders',
      headers: {
        host: '127.0.0.1:57903',
        'accept-encoding': 'gzip, deflate',
        'content-type': 'application/json',
        'content-length': '97',
        connection: 'close'
      },
      method: 'POST',
      httpVersion: '1.1',
      originalUrl: '/api/orders',
      query: {}
    },
    res: { statusCode: 500 },
    responseTime: 6
  },
  level: 'error',
  message: 'HTTP POST /api/orders',
  timestamp: '2024-03-28T19:12:52.002Z'
}
{
  meta: {
    req: {
      url: '/api/orders',
      headers: {
        host: '127.0.0.1:57977',
        'accept-encoding': 'gzip, deflate',
        'content-type': 'application/json',
        'content-length': '97',
        connection: 'close'
      },
      method: 'POST',
      httpVersion: '1.1',
      originalUrl: '/api/orders',
      query: {}
    },
    res: { statusCode: 500 },
    responseTime: 56
  },
  level: 'error',
  message: 'HTTP POST /api/orders',
  timestamp: '2024-03-28T19:15:37.463Z'
}
{
  meta: {
    req: {
      url: '/api/orders',
      headers: {
        host: '127.0.0.1:57981',
        'accept-encoding': 'gzip, deflate',
        'content-type': 'application/json',
        'content-length': '97',
        connection: 'close'
      },
      method: 'POST',
      httpVersion: '1.1',
      originalUrl: '/api/orders',
      query: {}
    },
    res: { statusCode: 500 },
    responseTime: 6
  },
  level: 'error',
  message: 'HTTP POST /api/orders',
  timestamp: '2024-03-28T19:15:37.489Z'
}
{
  meta: {
    req: {
      url: '/api/orders',
      headers: {
        host: '127.0.0.1:58256',
        'accept-encoding': 'gzip, deflate',
        'content-type': 'application/json',
        'content-length': '97',
        connection: 'close'
      },
      method: 'POST',
      httpVersion: '1.1',
      originalUrl: '/api/orders',
      query: {}
    },
    res: { statusCode: 500 },
    responseTime: 86
  },
  level: 'error',
  message: 'HTTP POST /api/orders',
  timestamp: '2024-03-28T19:19:45.117Z'
}
{
  meta: {
    req: {
      url: '/api/orders',
      headers: {
        host: '127.0.0.1:58278',
        'accept-encoding': 'gzip, deflate',
        'content-type': 'application/json',
        'content-length': '97',
        connection: 'close'
      },
      method: 'POST',
      httpVersion: '1.1',
      originalUrl: '/api/orders',
      query: {}
    },
    res: { statusCode: 500 },
    responseTime: 56
  },
  level: 'error',
  message: 'HTTP POST /api/orders',
  timestamp: '2024-03-28T19:20:41.762Z'
}
{
  meta: {
    req: {
      url: '/api/orders',
      headers: {
        host: '127.0.0.1:58282',
        'accept-encoding': 'gzip, deflate',
        'content-type': 'application/json',
        'content-length': '97',
        connection: 'close'
      },
      method: 'POST',
      httpVersion: '1.1',
      originalUrl: '/api/orders',
      query: {}
    },
    res: { statusCode: 500 },
    responseTime: 6
  },
  level: 'error',
  message: 'HTTP POST /api/orders',
  timestamp: '2024-03-28T19:20:41.789Z'
}
{
  meta: {
    req: {
      url: '/api/orders',
      headers: {
        'content-type': 'application/json',
        'user-agent': 'PostmanRuntime/7.37.0',
        accept: '*/*',
        'postman-token': 'efa5022a-b812-4212-b445-99a76653e2ad',
        host: 'localhost:3005',
        'accept-encoding': 'gzip, deflate, br',
        connection: 'keep-alive',
        'content-length': '141'
      },
      method: 'POST',
      httpVersion: '1.1',
      originalUrl: '/api/orders',
      query: {}
    },
    res: { statusCode: 500 },
    responseTime: 66
  },
  level: 'error',
  message: 'HTTP POST /api/orders',
  timestamp: '2024-03-28T19:54:38.234Z'
}
{
  meta: {
    req: {
      url: '/api/orders',
      headers: {
        'content-type': 'application/json',
        'user-agent': 'PostmanRuntime/7.37.0',
        accept: '*/*',
        'postman-token': 'f6f80032-14ab-4799-be7b-35214515dcbe',
        host: 'localhost:3005',
        'accept-encoding': 'gzip, deflate, br',
        connection: 'keep-alive',
        'content-length': '141'
      },
      method: 'POST',
      httpVersion: '1.1',
      originalUrl: '/api/orders',
      query: {}
    },
    res: { statusCode: 500 },
    responseTime: 32
  },
  level: 'error',
  message: 'HTTP POST /api/orders',
  timestamp: '2024-03-28T19:55:40.249Z'
}
