{
  meta: {
    req: {
      url: '/api/customer/asdasdsa',
      headers: {
        'user-agent': 'PostmanRuntime/7.37.0',
        accept: '*/*',
        'postman-token': '66f7940c-4faa-420b-93b8-5919d23d9b4f',
        host: 'localhost:3005',
        'accept-encoding': 'gzip, deflate, br',
        connection: 'keep-alive'
      },
      method: 'GET',
      httpVersion: '1.1',
      originalUrl: '/api/customer/asdasdsa',
      query: {}
    },
    res: { statusCode: 400 },
    responseTime: 1
  },
  level: 'warn',
  message: 'HTTP GET /api/customer/asdasdsa',
  timestamp: '2024-03-24T14:07:30.394Z'
}
{
  meta: {
    req: {
      url: '/api/orders',
      headers: {
        connection: 'close',
        'accept-encoding': 'gzip, deflate, br',
        host: 'localhost:3000',
        'postman-token': 'f832dcd3-bf8b-4998-9def-5219e554412a',
        accept: '*/*',
        'user-agent': 'PostmanRuntime/7.37.0'
      },
      method: 'GET',
      httpVersion: '1.1',
      originalUrl: '/api/orders',
      query: {}
    },
    res: { statusCode: 500 },
    responseTime: 46
  },
  level: 'error',
  message: 'HTTP GET /api/orders',
  timestamp: '2024-03-26T08:04:57.810Z'
}
{
  meta: {
    req: {
      url: '/customer',
      headers: {
        connection: 'close',
        'accept-encoding': 'gzip, deflate, br',
        host: 'localhost:3000',
        'postman-token': '5c1e8f66-af2d-4e86-b22e-136cef099b65',
        accept: '*/*',
        'user-agent': 'PostmanRuntime/7.37.0'
      },
      method: 'GET',
      httpVersion: '1.1',
      originalUrl: '/customer',
      query: {}
    },
    res: { statusCode: 404 },
    responseTime: 1
  },
  level: 'warn',
  message: 'HTTP GET /customer',
  timestamp: '2024-03-26T08:08:50.119Z'
}
