{
  meta: {
    req: {
      url: '/api/customer/3',
      headers: {
        'user-agent': 'PostmanRuntime/7.37.0',
        accept: '*/*',
        'postman-token': '438cb427-cfab-4547-a796-a6aeff185d86',
        host: 'localhost:3005',
        'accept-encoding': 'gzip, deflate, br',
        connection: 'keep-alive'
      },
      method: 'GET',
      httpVersion: '1.1',
      originalUrl: '/api/customer/3',
      query: {}
    },
    res: { statusCode: 200 },
    responseTime: 42
  },
  level: 'info',
  message: 'HTTP GET /api/customer/3',
  timestamp: '2024-03-24T14:07:18.845Z'
}
{
  meta: {
    req: {
      url: '/api/customer/asdasdsa',
      headers: {
        'user-agent': 'PostmanRuntime/7.37.0',
        accept: '*/*',
        'postman-token': '66f7940c-4faa-420b-93b8-5919d23d9b4f',
        host: 'localhost:3005',
        'accept-encoding': 'gzip, deflate, br',
        connection: 'keep-alive'
      },
      method: 'GET',
      httpVersion: '1.1',
      originalUrl: '/api/customer/asdasdsa',
      query: {}
    },
    res: { statusCode: 400 },
    responseTime: 1
  },
  level: 'warn',
  message: 'HTTP GET /api/customer/asdasdsa',
  timestamp: '2024-03-24T14:07:30.394Z'
}
{
  meta: {
    req: {
      url: '/api/orders',
      headers: {
        'user-agent': 'PostmanRuntime/7.37.0',
        accept: '*/*',
        'postman-token': 'a2fc021f-35b9-427a-a2d2-eca3f05099d5',
        host: 'localhost:3005',
        'accept-encoding': 'gzip, deflate, br',
        connection: 'keep-alive'
      },
      method: 'GET',
      httpVersion: '1.1',
      originalUrl: '/api/orders',
      query: {}
    },
    res: { statusCode: 200 },
    responseTime: 16
  },
  level: 'info',
  message: 'HTTP GET /api/orders',
  timestamp: '2024-03-24T18:31:52.973Z'
}
{
  meta: {
    req: {
      url: '/api/orders',
      headers: {
        'user-agent': 'PostmanRuntime/7.37.0',
        accept: '*/*',
        'postman-token': 'e33f2d2a-b9b4-410e-907b-8022df78f8b6',
        host: 'localhost:3005',
        'accept-encoding': 'gzip, deflate, br',
        connection: 'keep-alive'
      },
      method: 'GET',
      httpVersion: '1.1',
      originalUrl: '/api/orders',
      query: {}
    },
    res: { statusCode: 200 },
    responseTime: 12
  },
  level: 'info',
  message: 'HTTP GET /api/orders',
  timestamp: '2024-03-24T18:32:15.758Z'
}
{
  meta: {
    req: {
      url: '/api/orders',
      headers: {
        'user-agent': 'PostmanRuntime/7.37.0',
        accept: '*/*',
        'postman-token': 'b39e8fe4-2cf7-45de-80bc-b7e5de946808',
        host: 'localhost:3005',
        'accept-encoding': 'gzip, deflate, br',
        connection: 'keep-alive'
      },
      method: 'GET',
      httpVersion: '1.1',
      originalUrl: '/api/orders',
      query: {}
    },
    res: { statusCode: 200 },
    responseTime: 11
  },
  level: 'info',
  message: 'HTTP GET /api/orders',
  timestamp: '2024-03-24T18:32:37.063Z'
}
{
  meta: {
    req: {
      url: '/api/orders',
      headers: {
        'user-agent': 'PostmanRuntime/7.37.0',
        accept: '*/*',
        'postman-token': '2fd10ab0-070e-417e-8c44-e9c1a9b001dd',
        host: 'localhost:3005',
        'accept-encoding': 'gzip, deflate, br',
        connection: 'keep-alive'
      },
      method: 'GET',
      httpVersion: '1.1',
      originalUrl: '/api/orders',
      query: {}
    },
    res: { statusCode: 200 },
    responseTime: 13
  },
  level: 'info',
  message: 'HTTP GET /api/orders',
  timestamp: '2024-03-24T18:34:56.361Z'
}
{
  meta: {
    req: {
      url: '/api/orders',
      headers: {
        'user-agent': 'PostmanRuntime/7.37.0',
        accept: '*/*',
        'postman-token': '9fe3a864-8f80-467c-8f1f-302d69469ebb',
        host: 'localhost:3005',
        'accept-encoding': 'gzip, deflate, br',
        connection: 'keep-alive'
      },
      method: 'GET',
      httpVersion: '1.1',
      originalUrl: '/api/orders',
      query: {}
    },
    res: { statusCode: 200 },
    responseTime: 85
  },
  level: 'info',
  message: 'HTTP GET /api/orders',
  timestamp: '2024-03-24T23:29:58.537Z'
}
{
  meta: {
    req: {
      url: '/api/orders',
      headers: {
        'user-agent': 'PostmanRuntime/7.37.0',
        accept: '*/*',
        'postman-token': '769b91b1-66cd-4898-9cb5-fea8a0ac466d',
        host: 'localhost:3005',
        'accept-encoding': 'gzip, deflate, br',
        connection: 'keep-alive'
      },
      method: 'GET',
      httpVersion: '1.1',
      originalUrl: '/api/orders',
      query: {}
    },
    res: { statusCode: 200 },
    responseTime: 44
  },
  level: 'info',
  message: 'HTTP GET /api/orders',
  timestamp: '2024-03-24T23:37:36.108Z'
}
{
  meta: {
    req: {
      url: '/api/orders',
      headers: {
        'user-agent': 'PostmanRuntime/7.37.0',
        accept: '*/*',
        'postman-token': '2d49a0b7-a7b9-4050-9c0c-9f7ce4219c9d',
        host: 'localhost:3005',
        'accept-encoding': 'gzip, deflate, br',
        connection: 'keep-alive'
      },
      method: 'GET',
      httpVersion: '1.1',
      originalUrl: '/api/orders',
      query: {}
    },
    res: { statusCode: 200 },
    responseTime: 34
  },
  level: 'info',
  message: 'HTTP GET /api/orders',
  timestamp: '2024-03-24T23:41:37.095Z'
}
{
  meta: {
    req: {
      url: '/api/orders',
      headers: {
        'user-agent': 'PostmanRuntime/7.37.0',
        accept: '*/*',
        'postman-token': '2b22be95-e517-45f2-89d2-c90b31462ce4',
        host: 'localhost:3005',
        'accept-encoding': 'gzip, deflate, br',
        connection: 'keep-alive'
      },
      method: 'GET',
      httpVersion: '1.1',
      originalUrl: '/api/orders',
      query: {}
    },
    res: { statusCode: 200 },
    responseTime: 80
  },
  level: 'info',
  message: 'HTTP GET /api/orders',
  timestamp: '2024-03-24T23:42:50.863Z'
}
{
  meta: {
    req: {
      url: '/api/orders',
      headers: {
        'user-agent': 'PostmanRuntime/7.37.0',
        accept: '*/*',
        'postman-token': '6f14f361-3702-4cd1-bbb4-7a86466b5383',
        host: 'localhost:3005',
        'accept-encoding': 'gzip, deflate, br',
        connection: 'keep-alive'
      },
      method: 'GET',
      httpVersion: '1.1',
      originalUrl: '/api/orders',
      query: {}
    },
    res: { statusCode: 200 },
    responseTime: 102
  },
  level: 'info',
  message: 'HTTP GET /api/orders',
  timestamp: '2024-03-24T23:48:23.358Z'
}
{
  meta: {
    req: {
      url: '/api/orders',
      headers: {
        'user-agent': 'PostmanRuntime/7.37.0',
        accept: '*/*',
        'postman-token': '8357950c-e55d-4d20-8f76-e4070f1f867e',
        host: 'localhost:3005',
        'accept-encoding': 'gzip, deflate, br',
        connection: 'keep-alive'
      },
      method: 'GET',
      httpVersion: '1.1',
      originalUrl: '/api/orders',
      query: {}
    },
    res: { statusCode: 200 },
    responseTime: 66
  },
  level: 'info',
  message: 'HTTP GET /api/orders',
  timestamp: '2024-03-24T23:50:21.267Z'
}
{
  meta: {
    req: {
      url: '/api/orders',
      headers: {
        'user-agent': 'PostmanRuntime/7.37.0',
        accept: '*/*',
        'postman-token': 'f84d6b69-a3f0-45c1-bea7-247321c2f57d',
        host: 'localhost:3005',
        'accept-encoding': 'gzip, deflate, br',
        connection: 'keep-alive'
      },
      method: 'GET',
      httpVersion: '1.1',
      originalUrl: '/api/orders',
      query: {}
    },
    res: { statusCode: 200 },
    responseTime: 71
  },
  level: 'info',
  message: 'HTTP GET /api/orders',
  timestamp: '2024-03-24T23:53:06.516Z'
}
{
  meta: {
    req: {
      url: '/api/orders',
      headers: {
        'user-agent': 'PostmanRuntime/7.37.0',
        accept: '*/*',
        'postman-token': '0f874381-2d74-428f-8232-78c804f888b2',
        host: 'localhost:3005',
        'accept-encoding': 'gzip, deflate, br',
        connection: 'keep-alive'
      },
      method: 'GET',
      httpVersion: '1.1',
      originalUrl: '/api/orders',
      query: {}
    },
    res: { statusCode: 200 },
    responseTime: 82
  },
  level: 'info',
  message: 'HTTP GET /api/orders',
  timestamp: '2024-03-24T23:53:21.827Z'
}
{
  meta: {
    req: {
      url: '/api/orders',
      headers: {
        'user-agent': 'PostmanRuntime/7.37.0',
        accept: '*/*',
        'postman-token': 'aec5734e-8168-4d1a-889f-e23740753e07',
        host: 'localhost:3005',
        'accept-encoding': 'gzip, deflate, br',
        connection: 'keep-alive'
      },
      method: 'GET',
      httpVersion: '1.1',
      originalUrl: '/api/orders',
      query: {}
    },
    res: { statusCode: 200 },
    responseTime: 73
  },
  level: 'info',
  message: 'HTTP GET /api/orders',
  timestamp: '2024-03-24T23:54:08.066Z'
}
{
  meta: {
    req: {
      url: '/api/orders',
      headers: {
        'user-agent': 'PostmanRuntime/7.37.0',
        accept: '*/*',
        'postman-token': '3960b367-ca88-48d8-8bc1-3f5373f71f08',
        host: 'localhost:3005',
        'accept-encoding': 'gzip, deflate, br',
        connection: 'keep-alive'
      },
      method: 'GET',
      httpVersion: '1.1',
      originalUrl: '/api/orders',
      query: {}
    },
    res: { statusCode: 200 },
    responseTime: 98
  },
  level: 'info',
  message: 'HTTP GET /api/orders',
  timestamp: '2024-03-25T18:45:14.177Z'
}
{
  meta: {
    req: {
      url: '/api/orders',
      headers: {
        'user-agent': 'PostmanRuntime/7.37.0',
        accept: '*/*',
        'postman-token': '75a397b6-b490-412e-a3fa-aa88b025b418',
        host: 'localhost:3005',
        'accept-encoding': 'gzip, deflate, br',
        connection: 'keep-alive'
      },
      method: 'GET',
      httpVersion: '1.1',
      originalUrl: '/api/orders',
      query: {}
    },
    res: { statusCode: 200 },
    responseTime: 36
  },
  level: 'info',
  message: 'HTTP GET /api/orders',
  timestamp: '2024-03-25T18:46:19.125Z'
}
{
  meta: {
    req: {
      url: '/api/orders',
      headers: {
        'content-type': 'application/json',
        'user-agent': 'PostmanRuntime/7.37.0',
        accept: '*/*',
        'postman-token': '16d9dafb-4809-440a-a05d-e5dce6ec75c0',
        host: 'localhost:3005',
        'accept-encoding': 'gzip, deflate, br',
        connection: 'keep-alive',
        'content-length': '135'
      },
      method: 'POST',
      httpVersion: '1.1',
      originalUrl: '/api/orders',
      query: {}
    },
    res: { statusCode: 201 },
    responseTime: 64
  },
  level: 'info',
  message: 'HTTP POST /api/orders',
  timestamp: '2024-03-25T20:03:42.528Z'
}
{
  meta: {
    req: {
      url: '/api/orders',
      headers: {
        connection: 'close',
        'accept-encoding': 'gzip, deflate, br',
        host: 'localhost:3000',
        'postman-token': 'f832dcd3-bf8b-4998-9def-5219e554412a',
        accept: '*/*',
        'user-agent': 'PostmanRuntime/7.37.0'
      },
      method: 'GET',
      httpVersion: '1.1',
      originalUrl: '/api/orders',
      query: {}
    },
    res: { statusCode: 500 },
    responseTime: 46
  },
  level: 'error',
  message: 'HTTP GET /api/orders',
  timestamp: '2024-03-26T08:04:57.810Z'
}
{
  meta: {
    req: {
      url: '/api/orders',
      headers: {
        connection: 'close',
        'accept-encoding': 'gzip, deflate, br',
        host: 'localhost:3000',
        'postman-token': 'c7a3f2f3-8804-430a-b0af-86c032b38a95',
        accept: '*/*',
        'user-agent': 'PostmanRuntime/7.37.0'
      },
      method: 'GET',
      httpVersion: '1.1',
      originalUrl: '/api/orders',
      query: {}
    },
    res: { statusCode: 200 },
    responseTime: 92
  },
  level: 'info',
  message: 'HTTP GET /api/orders',
  timestamp: '2024-03-26T08:06:36.215Z'
}
{
  meta: {
    req: {
      url: '/api/orders',
      headers: {
        'content-length': '135',
        connection: 'close',
        'accept-encoding': 'gzip, deflate, br',
        host: 'localhost:3000',
        'postman-token': '71af9e7e-df41-4f40-b501-9a43dbfd5562',
        accept: '*/*',
        'user-agent': 'PostmanRuntime/7.37.0',
        'content-type': 'application/json'
      },
      method: 'POST',
      httpVersion: '1.1',
      originalUrl: '/api/orders',
      query: {}
    },
    res: { statusCode: 201 },
    responseTime: 54
  },
  level: 'info',
  message: 'HTTP POST /api/orders',
  timestamp: '2024-03-26T08:07:20.208Z'
}
{
  meta: {
    req: {
      url: '/api/orders',
      headers: {
        'content-length': '140',
        connection: 'close',
        'accept-encoding': 'gzip, deflate, br',
        host: 'localhost:3000',
        'postman-token': '24752899-1df5-4f68-a1c9-07697c14a263',
        accept: '*/*',
        'user-agent': 'PostmanRuntime/7.37.0',
        'content-type': 'application/json'
      },
      method: 'POST',
      httpVersion: '1.1',
      originalUrl: '/api/orders',
      query: {}
    },
    res: { statusCode: 201 },
    responseTime: 37
  },
  level: 'info',
  message: 'HTTP POST /api/orders',
  timestamp: '2024-03-26T08:08:15.759Z'
}
{
  meta: {
    req: {
      url: '/customer',
      headers: {
        connection: 'close',
        'accept-encoding': 'gzip, deflate, br',
        host: 'localhost:3000',
        'postman-token': '5c1e8f66-af2d-4e86-b22e-136cef099b65',
        accept: '*/*',
        'user-agent': 'PostmanRuntime/7.37.0'
      },
      method: 'GET',
      httpVersion: '1.1',
      originalUrl: '/customer',
      query: {}
    },
    res: { statusCode: 404 },
    responseTime: 1
  },
  level: 'warn',
  message: 'HTTP GET /customer',
  timestamp: '2024-03-26T08:08:50.119Z'
}
{
  meta: {
    req: {
      url: '/api/customer',
      headers: {
        connection: 'close',
        'accept-encoding': 'gzip, deflate, br',
        host: 'localhost:3000',
        'postman-token': '925bf84f-4014-4c5b-96f7-4fd7064de435',
        accept: '*/*',
        'user-agent': 'PostmanRuntime/7.37.0'
      },
      method: 'GET',
      httpVersion: '1.1',
      originalUrl: '/api/customer',
      query: {}
    },
    res: { statusCode: 200 },
    responseTime: 33
  },
  level: 'info',
  message: 'HTTP GET /api/customer',
  timestamp: '2024-03-26T08:08:58.535Z'
}
